ITER 100:  loss=0.3730   l1_loss=0.0000  acc=0.0000
ITER 200:  loss=0.0465   l1_loss=0.0000  acc=0.0000
ITER 300:  loss=0.0194   l1_loss=0.0000  acc=0.0000
ITER 400:  loss=0.0160   l1_loss=0.0000  acc=0.0000
ITER 500:  loss=0.0157   l1_loss=0.0000  acc=0.0000
ITER 600:  loss=0.0146   l1_loss=0.0000  acc=0.0000
ITER 700:  loss=0.0141   l1_loss=0.0000  acc=0.0000
ITER 800:  loss=0.0135   l1_loss=0.0000  acc=0.0000
ITER 900:  loss=0.0135   l1_loss=0.0000  acc=0.0000
ITER 1000:  loss=0.0132   l1_loss=0.0000  acc=0.0000
ITER 1100:  loss=0.0129   l1_loss=0.0000  acc=0.0000
ITER 1200:  loss=0.0132   l1_loss=0.0000  acc=0.0000
ITER 1300:  loss=0.0131   l1_loss=0.0000  acc=0.0000
ITER 1400:  loss=0.0123   l1_loss=0.0000  acc=0.0000
ITER 1500:  loss=0.0126   l1_loss=0.0000  acc=0.0000
ITER 1600:  loss=0.0124   l1_loss=0.0000  acc=0.0000
ITER 1700:  loss=0.0121   l1_loss=0.0000  acc=0.0000
ITER 1800:  loss=0.0124   l1_loss=0.0000  acc=0.0000
ITER 1900:  loss=0.0124   l1_loss=0.0000  acc=0.0000
ITER 2000:  loss=0.0122   l1_loss=0.0000  acc=0.0000
ITER 2100:  loss=0.0116   l1_loss=0.0000  acc=0.0000
ITER 2200:  loss=0.0125   l1_loss=0.0000  acc=0.0000
ITER 2300:  loss=0.0117   l1_loss=0.0000  acc=0.0000
ITER 2400:  loss=0.0120   l1_loss=0.0000  acc=0.0000
ITER 2500:  loss=0.0124   l1_loss=0.0000  acc=0.0000
ITER 2600:  loss=0.0118   l1_loss=0.0000  acc=0.0000
ITER 2700:  loss=0.0111   l1_loss=0.0000  acc=0.0000
ITER 2800:  loss=0.0113   l1_loss=0.0000  acc=0.0000
ITER 2900:  loss=0.0120   l1_loss=0.0000  acc=0.0000
ITER 3000:  loss=0.0115   l1_loss=0.0000  acc=0.0000
TRAINING DONE
DONE: TESTING ON PRETRAIN
DONE: TESTING ON POWERS
DONE: TESTING ON SPIKES
