ITER 100:  loss=0.8347   l1_loss=0.0000  acc=0.0000
ITER 200:  loss=0.4122   l1_loss=0.0000  acc=0.0000
ITER 300:  loss=0.2800   l1_loss=0.0000  acc=0.0000
ITER 400:  loss=0.2093   l1_loss=0.0000  acc=0.0000
ITER 500:  loss=0.1814   l1_loss=0.0000  acc=0.0000
ITER 600:  loss=0.1437   l1_loss=0.0000  acc=0.0000
ITER 700:  loss=0.1205   l1_loss=0.0000  acc=0.0000
ITER 800:  loss=0.1065   l1_loss=0.0000  acc=0.0000
ITER 900:  loss=0.0918   l1_loss=0.0000  acc=0.0000
ITER 1000:  loss=0.0818   l1_loss=0.0000  acc=0.0000
ITER 1100:  loss=0.0874   l1_loss=0.0000  acc=0.0000
ITER 1200:  loss=0.0770   l1_loss=0.0000  acc=0.0000
ITER 1300:  loss=0.0687   l1_loss=0.0000  acc=0.0000
ITER 1400:  loss=0.0686   l1_loss=0.0000  acc=0.0000
ITER 1500:  loss=0.0623   l1_loss=0.0000  acc=0.0000
ITER 1600:  loss=0.0552   l1_loss=0.0000  acc=0.0000
ITER 1700:  loss=0.0501   l1_loss=0.0000  acc=0.0000
ITER 1800:  loss=0.0514   l1_loss=0.0000  acc=0.0000
ITER 1900:  loss=0.0499   l1_loss=0.0000  acc=0.0000
ITER 2000:  loss=0.0461   l1_loss=0.0000  acc=0.0000
ITER 2100:  loss=0.0449   l1_loss=0.0000  acc=0.0000
ITER 2200:  loss=0.0449   l1_loss=0.0000  acc=0.0000
ITER 2300:  loss=0.0433   l1_loss=0.0000  acc=0.0000
ITER 2400:  loss=0.0401   l1_loss=0.0000  acc=0.0000
ITER 2500:  loss=0.0386   l1_loss=0.0000  acc=0.0000
ITER 2600:  loss=0.0348   l1_loss=0.0000  acc=0.0000
ITER 2700:  loss=0.0359   l1_loss=0.0000  acc=0.0000
ITER 2800:  loss=0.0322   l1_loss=0.0000  acc=0.0000
ITER 2900:  loss=0.0310   l1_loss=0.0000  acc=0.0000
ITER 3000:  loss=0.0323   l1_loss=0.0000  acc=0.0000
TRAINING DONE
DONE: TESTING ON PRETRAIN
DONE: TESTING ON POWERS
DONE: TESTING ON SPIKES
