ITER 100:  loss=0.9234   l1_loss=0.0000  acc=0.0000
ITER 200:  loss=0.7226   l1_loss=0.0000  acc=0.0000
ITER 300:  loss=0.5911   l1_loss=0.0000  acc=0.0000
ITER 400:  loss=0.4546   l1_loss=0.0000  acc=0.0000
ITER 500:  loss=0.4133   l1_loss=0.0000  acc=0.0000
ITER 600:  loss=0.3572   l1_loss=0.0000  acc=0.0000
ITER 700:  loss=0.2885   l1_loss=0.0000  acc=0.0000
ITER 800:  loss=0.2787   l1_loss=0.0000  acc=0.0000
ITER 900:  loss=0.2564   l1_loss=0.0000  acc=0.0000
ITER 1000:  loss=0.2417   l1_loss=0.0000  acc=0.0000
ITER 1100:  loss=0.2078   l1_loss=0.0000  acc=0.0000
ITER 1200:  loss=0.1876   l1_loss=0.0000  acc=0.0000
ITER 1300:  loss=0.1955   l1_loss=0.0000  acc=0.0000
ITER 1400:  loss=0.1785   l1_loss=0.0000  acc=0.0000
ITER 1500:  loss=0.1584   l1_loss=0.0000  acc=0.0000
ITER 1600:  loss=0.1717   l1_loss=0.0000  acc=0.0000
ITER 1700:  loss=0.1551   l1_loss=0.0000  acc=0.0000
ITER 1800:  loss=0.1526   l1_loss=0.0000  acc=0.0000
ITER 1900:  loss=0.1499   l1_loss=0.0000  acc=0.0000
ITER 2000:  loss=0.1463   l1_loss=0.0000  acc=0.0000
ITER 2100:  loss=0.1338   l1_loss=0.0000  acc=0.0000
ITER 2200:  loss=0.1349   l1_loss=0.0000  acc=0.0000
ITER 2300:  loss=0.1262   l1_loss=0.0000  acc=0.0000
ITER 2400:  loss=0.1216   l1_loss=0.0000  acc=0.0000
ITER 2500:  loss=0.1116   l1_loss=0.0000  acc=0.0000
ITER 2600:  loss=0.1080   l1_loss=0.0000  acc=0.0000
ITER 2700:  loss=0.1087   l1_loss=0.0000  acc=0.0000
ITER 2800:  loss=0.1069   l1_loss=0.0000  acc=0.0000
ITER 2900:  loss=0.1072   l1_loss=0.0000  acc=0.0000
ITER 3000:  loss=0.1072   l1_loss=0.0000  acc=0.0000
TRAINING DONE
DONE: TESTING ON PRETRAIN
DONE: TESTING ON POWERS
DONE: TESTING ON SPIKES
