ITER 100:  loss=0.8210   l1_loss=0.0000  acc=0.0000
ITER 200:  loss=0.5906   l1_loss=0.0000  acc=0.0000
ITER 300:  loss=0.4004   l1_loss=0.0000  acc=0.0000
ITER 400:  loss=0.3421   l1_loss=0.0000  acc=0.0000
ITER 500:  loss=0.2837   l1_loss=0.0000  acc=0.0000
ITER 600:  loss=0.2394   l1_loss=0.0000  acc=0.0000
ITER 700:  loss=0.2149   l1_loss=0.0000  acc=0.0000
ITER 800:  loss=0.2047   l1_loss=0.0000  acc=0.0000
ITER 900:  loss=0.1831   l1_loss=0.0000  acc=0.0000
ITER 1000:  loss=0.1633   l1_loss=0.0000  acc=0.0000
ITER 1100:  loss=0.1484   l1_loss=0.0000  acc=0.0000
ITER 1200:  loss=0.1367   l1_loss=0.0000  acc=0.0000
ITER 1300:  loss=0.1307   l1_loss=0.0000  acc=0.0000
ITER 1400:  loss=0.1099   l1_loss=0.0000  acc=0.0000
ITER 1500:  loss=0.1139   l1_loss=0.0000  acc=0.0000
ITER 1600:  loss=0.1081   l1_loss=0.0000  acc=0.0000
ITER 1700:  loss=0.1149   l1_loss=0.0000  acc=0.0000
ITER 1800:  loss=0.1000   l1_loss=0.0000  acc=0.0000
ITER 1900:  loss=0.1035   l1_loss=0.0000  acc=0.0000
ITER 2000:  loss=0.1005   l1_loss=0.0000  acc=0.0000
ITER 2100:  loss=0.0947   l1_loss=0.0000  acc=0.0000
ITER 2200:  loss=0.0905   l1_loss=0.0000  acc=0.0000
ITER 2300:  loss=0.0873   l1_loss=0.0000  acc=0.0000
ITER 2400:  loss=0.0925   l1_loss=0.0000  acc=0.0000
ITER 2500:  loss=0.0880   l1_loss=0.0000  acc=0.0000
ITER 2600:  loss=0.0853   l1_loss=0.0000  acc=0.0000
ITER 2700:  loss=0.0874   l1_loss=0.0000  acc=0.0000
ITER 2800:  loss=0.0856   l1_loss=0.0000  acc=0.0000
ITER 2900:  loss=0.0703   l1_loss=0.0000  acc=0.0000
ITER 3000:  loss=0.0807   l1_loss=0.0000  acc=0.0000
TRAINING DONE
DONE: TESTING ON PRETRAIN
DONE: TESTING ON POWERS
DONE: TESTING ON SPIKES
