ITER 100:  loss=0.9867   l1_loss=0.0000  acc=0.0000
ITER 200:  loss=0.6215   l1_loss=0.0000  acc=0.0000
ITER 300:  loss=0.4552   l1_loss=0.0000  acc=0.0000
ITER 400:  loss=0.3460   l1_loss=0.0000  acc=0.0000
ITER 500:  loss=0.2684   l1_loss=0.0000  acc=0.0000
ITER 600:  loss=0.2351   l1_loss=0.0000  acc=0.0000
ITER 700:  loss=0.2093   l1_loss=0.0000  acc=0.0000
ITER 800:  loss=0.2011   l1_loss=0.0000  acc=0.0000
ITER 900:  loss=0.1919   l1_loss=0.0000  acc=0.0000
ITER 1000:  loss=0.1786   l1_loss=0.0000  acc=0.0000
ITER 1100:  loss=0.1683   l1_loss=0.0000  acc=0.0000
ITER 1200:  loss=0.1583   l1_loss=0.0000  acc=0.0000
ITER 1300:  loss=0.1483   l1_loss=0.0000  acc=0.0000
ITER 1400:  loss=0.1364   l1_loss=0.0000  acc=0.0000
ITER 1500:  loss=0.1350   l1_loss=0.0000  acc=0.0000
ITER 1600:  loss=0.1278   l1_loss=0.0000  acc=0.0000
ITER 1700:  loss=0.1204   l1_loss=0.0000  acc=0.0000
ITER 1800:  loss=0.1255   l1_loss=0.0000  acc=0.0000
ITER 1900:  loss=0.1301   l1_loss=0.0000  acc=0.0000
ITER 2000:  loss=0.1186   l1_loss=0.0000  acc=0.0000
ITER 2100:  loss=0.1072   l1_loss=0.0000  acc=0.0000
ITER 2200:  loss=0.1083   l1_loss=0.0000  acc=0.0000
ITER 2300:  loss=0.0997   l1_loss=0.0000  acc=0.0000
ITER 2400:  loss=0.0925   l1_loss=0.0000  acc=0.0000
ITER 2500:  loss=0.0967   l1_loss=0.0000  acc=0.0000
ITER 2600:  loss=0.0906   l1_loss=0.0000  acc=0.0000
ITER 2700:  loss=0.0844   l1_loss=0.0000  acc=0.0000
ITER 2800:  loss=0.0794   l1_loss=0.0000  acc=0.0000
ITER 2900:  loss=0.0772   l1_loss=0.0000  acc=0.0000
ITER 3000:  loss=0.0796   l1_loss=0.0000  acc=0.0000
TRAINING DONE
DONE: TESTING ON PRETRAIN
DONE: TESTING ON POWERS
DONE: TESTING ON SPIKES
