ITER 100:  loss=0.3641   l1_loss=0.0000  acc=0.0000
ITER 200:  loss=0.0504   l1_loss=0.0000  acc=0.0000
ITER 300:  loss=0.0234   l1_loss=0.0000  acc=0.0000
ITER 400:  loss=0.0182   l1_loss=0.0000  acc=0.0000
ITER 500:  loss=0.0165   l1_loss=0.0000  acc=0.0000
ITER 600:  loss=0.0169   l1_loss=0.0000  acc=0.0000
ITER 700:  loss=0.0167   l1_loss=0.0000  acc=0.0000
ITER 800:  loss=0.0155   l1_loss=0.0000  acc=0.0000
ITER 900:  loss=0.0155   l1_loss=0.0000  acc=0.0000
ITER 1000:  loss=0.0153   l1_loss=0.0000  acc=0.0000
ITER 1100:  loss=0.0149   l1_loss=0.0000  acc=0.0000
ITER 1200:  loss=0.0146   l1_loss=0.0000  acc=0.0000
ITER 1300:  loss=0.0156   l1_loss=0.0000  acc=0.0000
ITER 1400:  loss=0.0144   l1_loss=0.0000  acc=0.0000
ITER 1500:  loss=0.0141   l1_loss=0.0000  acc=0.0000
ITER 1600:  loss=0.0152   l1_loss=0.0000  acc=0.0000
ITER 1700:  loss=0.0145   l1_loss=0.0000  acc=0.0000
ITER 1800:  loss=0.0145   l1_loss=0.0000  acc=0.0000
ITER 1900:  loss=0.0160   l1_loss=0.0000  acc=0.0000
ITER 2000:  loss=0.0140   l1_loss=0.0000  acc=0.0000
ITER 2100:  loss=0.0141   l1_loss=0.0000  acc=0.0000
ITER 2200:  loss=0.0145   l1_loss=0.0000  acc=0.0000
ITER 2300:  loss=0.0134   l1_loss=0.0000  acc=0.0000
ITER 2400:  loss=0.0141   l1_loss=0.0000  acc=0.0000
ITER 2500:  loss=0.0136   l1_loss=0.0000  acc=0.0000
ITER 2600:  loss=0.0135   l1_loss=0.0000  acc=0.0000
ITER 2700:  loss=0.0148   l1_loss=0.0000  acc=0.0000
ITER 2800:  loss=0.0140   l1_loss=0.0000  acc=0.0000
ITER 2900:  loss=0.0146   l1_loss=0.0000  acc=0.0000
ITER 3000:  loss=0.0137   l1_loss=0.0000  acc=0.0000
TRAINING DONE
DONE: TESTING ON PRETRAIN
DONE: TESTING ON POWERS
DONE: TESTING ON SPIKES
