ITER 100:  loss=0.9346   l1_loss=0.0000  acc=0.0000
ITER 200:  loss=0.5718   l1_loss=0.0000  acc=0.0000
ITER 300:  loss=0.4898   l1_loss=0.0000  acc=0.0000
ITER 400:  loss=0.3728   l1_loss=0.0000  acc=0.0000
ITER 500:  loss=0.3167   l1_loss=0.0000  acc=0.0000
ITER 600:  loss=0.2375   l1_loss=0.0000  acc=0.0000
ITER 700:  loss=0.2239   l1_loss=0.0000  acc=0.0000
ITER 800:  loss=0.2053   l1_loss=0.0000  acc=0.0000
ITER 900:  loss=0.1705   l1_loss=0.0000  acc=0.0000
ITER 1000:  loss=0.1546   l1_loss=0.0000  acc=0.0000
ITER 1100:  loss=0.1473   l1_loss=0.0000  acc=0.0000
ITER 1200:  loss=0.1360   l1_loss=0.0000  acc=0.0000
ITER 1300:  loss=0.1295   l1_loss=0.0000  acc=0.0000
ITER 1400:  loss=0.1095   l1_loss=0.0000  acc=0.0000
ITER 1500:  loss=0.1119   l1_loss=0.0000  acc=0.0000
ITER 1600:  loss=0.1080   l1_loss=0.0000  acc=0.0000
ITER 1700:  loss=0.0962   l1_loss=0.0000  acc=0.0000
ITER 1800:  loss=0.1005   l1_loss=0.0000  acc=0.0000
ITER 1900:  loss=0.0840   l1_loss=0.0000  acc=0.0000
ITER 2000:  loss=0.0834   l1_loss=0.0000  acc=0.0000
ITER 2100:  loss=0.0796   l1_loss=0.0000  acc=0.0000
ITER 2200:  loss=0.0791   l1_loss=0.0000  acc=0.0000
ITER 2300:  loss=0.0789   l1_loss=0.0000  acc=0.0000
ITER 2400:  loss=0.0704   l1_loss=0.0000  acc=0.0000
ITER 2500:  loss=0.0706   l1_loss=0.0000  acc=0.0000
ITER 2600:  loss=0.0681   l1_loss=0.0000  acc=0.0000
ITER 2700:  loss=0.0696   l1_loss=0.0000  acc=0.0000
ITER 2800:  loss=0.0663   l1_loss=0.0000  acc=0.0000
ITER 2900:  loss=0.0693   l1_loss=0.0000  acc=0.0000
ITER 3000:  loss=0.0627   l1_loss=0.0000  acc=0.0000
TRAINING DONE
DONE: TESTING ON PRETRAIN
DONE: TESTING ON POWERS
DONE: TESTING ON SPIKES
