ITER 100:  loss=0.8988   l1_loss=0.0000  acc=0.0000
ITER 200:  loss=0.5709   l1_loss=0.0000  acc=0.0000
ITER 300:  loss=0.4858   l1_loss=0.0000  acc=0.0000
ITER 400:  loss=0.3887   l1_loss=0.0000  acc=0.0000
ITER 500:  loss=0.3609   l1_loss=0.0000  acc=0.0000
ITER 600:  loss=0.2926   l1_loss=0.0000  acc=0.0000
ITER 700:  loss=0.2546   l1_loss=0.0000  acc=0.0000
ITER 800:  loss=0.2398   l1_loss=0.0000  acc=0.0000
ITER 900:  loss=0.2145   l1_loss=0.0000  acc=0.0000
ITER 1000:  loss=0.1940   l1_loss=0.0000  acc=0.0000
ITER 1100:  loss=0.1894   l1_loss=0.0000  acc=0.0000
ITER 1200:  loss=0.1781   l1_loss=0.0000  acc=0.0000
ITER 1300:  loss=0.1636   l1_loss=0.0000  acc=0.0000
ITER 1400:  loss=0.1696   l1_loss=0.0000  acc=0.0000
ITER 1500:  loss=0.1526   l1_loss=0.0000  acc=0.0000
ITER 1600:  loss=0.1388   l1_loss=0.0000  acc=0.0000
ITER 1700:  loss=0.1418   l1_loss=0.0000  acc=0.0000
ITER 1800:  loss=0.1461   l1_loss=0.0000  acc=0.0000
ITER 1900:  loss=0.1343   l1_loss=0.0000  acc=0.0000
ITER 2000:  loss=0.1272   l1_loss=0.0000  acc=0.0000
ITER 2100:  loss=0.1211   l1_loss=0.0000  acc=0.0000
ITER 2200:  loss=0.1202   l1_loss=0.0000  acc=0.0000
ITER 2300:  loss=0.1154   l1_loss=0.0000  acc=0.0000
ITER 2400:  loss=0.1059   l1_loss=0.0000  acc=0.0000
ITER 2500:  loss=0.1089   l1_loss=0.0000  acc=0.0000
ITER 2600:  loss=0.1093   l1_loss=0.0000  acc=0.0000
ITER 2700:  loss=0.1129   l1_loss=0.0000  acc=0.0000
ITER 2800:  loss=0.1087   l1_loss=0.0000  acc=0.0000
ITER 2900:  loss=0.1038   l1_loss=0.0000  acc=0.0000
ITER 3000:  loss=0.0993   l1_loss=0.0000  acc=0.0000
TRAINING DONE
DONE: TESTING ON PRETRAIN
DONE: TESTING ON POWERS
DONE: TESTING ON SPIKES
