ITER 100:  loss=0.7025   l1_loss=0.0000  acc=0.0000
ITER 200:  loss=0.2964   l1_loss=0.0000  acc=0.0000
ITER 300:  loss=0.1779   l1_loss=0.0000  acc=0.0000
ITER 400:  loss=0.1126   l1_loss=0.0000  acc=0.0000
ITER 500:  loss=0.0756   l1_loss=0.0000  acc=0.0000
ITER 600:  loss=0.0548   l1_loss=0.0000  acc=0.0000
ITER 700:  loss=0.0392   l1_loss=0.0000  acc=0.0000
ITER 800:  loss=0.0318   l1_loss=0.0000  acc=0.0000
ITER 900:  loss=0.0304   l1_loss=0.0000  acc=0.0000
ITER 1000:  loss=0.0276   l1_loss=0.0000  acc=0.0000
ITER 1100:  loss=0.0263   l1_loss=0.0000  acc=0.0000
ITER 1200:  loss=0.0270   l1_loss=0.0000  acc=0.0000
ITER 1300:  loss=0.0254   l1_loss=0.0000  acc=0.0000
ITER 1400:  loss=0.0256   l1_loss=0.0000  acc=0.0000
ITER 1500:  loss=0.0253   l1_loss=0.0000  acc=0.0000
ITER 1600:  loss=0.0244   l1_loss=0.0000  acc=0.0000
ITER 1700:  loss=0.0241   l1_loss=0.0000  acc=0.0000
ITER 1800:  loss=0.0238   l1_loss=0.0000  acc=0.0000
ITER 1900:  loss=0.0255   l1_loss=0.0000  acc=0.0000
ITER 2000:  loss=0.0250   l1_loss=0.0000  acc=0.0000
ITER 2100:  loss=0.0242   l1_loss=0.0000  acc=0.0000
ITER 2200:  loss=0.0234   l1_loss=0.0000  acc=0.0000
ITER 2300:  loss=0.0240   l1_loss=0.0000  acc=0.0000
ITER 2400:  loss=0.0222   l1_loss=0.0000  acc=0.0000
ITER 2500:  loss=0.0242   l1_loss=0.0000  acc=0.0000
ITER 2600:  loss=0.0227   l1_loss=0.0000  acc=0.0000
ITER 2700:  loss=0.0238   l1_loss=0.0000  acc=0.0000
ITER 2800:  loss=0.0241   l1_loss=0.0000  acc=0.0000
ITER 2900:  loss=0.0231   l1_loss=0.0000  acc=0.0000
ITER 3000:  loss=0.0232   l1_loss=0.0000  acc=0.0000
TRAINING DONE
DONE: TESTING ON PRETRAIN
DONE: TESTING ON POWERS
DONE: TESTING ON SPIKES
