ITER 100:  loss=0.3304   l1_loss=0.0000  acc=0.0000
ITER 200:  loss=0.0367   l1_loss=0.0000  acc=0.0000
ITER 300:  loss=0.0201   l1_loss=0.0000  acc=0.0000
ITER 400:  loss=0.0176   l1_loss=0.0000  acc=0.0000
ITER 500:  loss=0.0162   l1_loss=0.0000  acc=0.0000
ITER 600:  loss=0.0153   l1_loss=0.0000  acc=0.0000
ITER 700:  loss=0.0151   l1_loss=0.0000  acc=0.0000
ITER 800:  loss=0.0151   l1_loss=0.0000  acc=0.0000
ITER 900:  loss=0.0138   l1_loss=0.0000  acc=0.0000
ITER 1000:  loss=0.0141   l1_loss=0.0000  acc=0.0000
ITER 1100:  loss=0.0137   l1_loss=0.0000  acc=0.0000
ITER 1200:  loss=0.0146   l1_loss=0.0000  acc=0.0000
ITER 1300:  loss=0.0133   l1_loss=0.0000  acc=0.0000
ITER 1400:  loss=0.0133   l1_loss=0.0000  acc=0.0000
ITER 1500:  loss=0.0132   l1_loss=0.0000  acc=0.0000
ITER 1600:  loss=0.0142   l1_loss=0.0000  acc=0.0000
ITER 1700:  loss=0.0140   l1_loss=0.0000  acc=0.0000
ITER 1800:  loss=0.0134   l1_loss=0.0000  acc=0.0000
ITER 1900:  loss=0.0129   l1_loss=0.0000  acc=0.0000
ITER 2000:  loss=0.0132   l1_loss=0.0000  acc=0.0000
ITER 2100:  loss=0.0137   l1_loss=0.0000  acc=0.0000
ITER 2200:  loss=0.0127   l1_loss=0.0000  acc=0.0000
ITER 2300:  loss=0.0128   l1_loss=0.0000  acc=0.0000
ITER 2400:  loss=0.0131   l1_loss=0.0000  acc=0.0000
ITER 2500:  loss=0.0126   l1_loss=0.0000  acc=0.0000
ITER 2600:  loss=0.0132   l1_loss=0.0000  acc=0.0000
ITER 2700:  loss=0.0126   l1_loss=0.0000  acc=0.0000
ITER 2800:  loss=0.0130   l1_loss=0.0000  acc=0.0000
ITER 2900:  loss=0.0128   l1_loss=0.0000  acc=0.0000
ITER 3000:  loss=0.0135   l1_loss=0.0000  acc=0.0000
TRAINING DONE
DONE: TESTING ON PRETRAIN
DONE: TESTING ON POWERS
DONE: TESTING ON SPIKES
