ITER 100:  loss=0.3110   l1_loss=0.0000  acc=0.0000
ITER 200:  loss=0.0492   l1_loss=0.0000  acc=0.0000
ITER 300:  loss=0.0291   l1_loss=0.0000  acc=0.0000
ITER 400:  loss=0.0177   l1_loss=0.0000  acc=0.0000
ITER 500:  loss=0.0160   l1_loss=0.0000  acc=0.0000
ITER 600:  loss=0.0152   l1_loss=0.0000  acc=0.0000
ITER 700:  loss=0.0148   l1_loss=0.0000  acc=0.0000
ITER 800:  loss=0.0143   l1_loss=0.0000  acc=0.0000
ITER 900:  loss=0.0139   l1_loss=0.0000  acc=0.0000
ITER 1000:  loss=0.0133   l1_loss=0.0000  acc=0.0000
ITER 1100:  loss=0.0136   l1_loss=0.0000  acc=0.0000
ITER 1200:  loss=0.0137   l1_loss=0.0000  acc=0.0000
ITER 1300:  loss=0.0133   l1_loss=0.0000  acc=0.0000
ITER 1400:  loss=0.0135   l1_loss=0.0000  acc=0.0000
ITER 1500:  loss=0.0129   l1_loss=0.0000  acc=0.0000
ITER 1600:  loss=0.0127   l1_loss=0.0000  acc=0.0000
ITER 1700:  loss=0.0124   l1_loss=0.0000  acc=0.0000
ITER 1800:  loss=0.0125   l1_loss=0.0000  acc=0.0000
ITER 1900:  loss=0.0122   l1_loss=0.0000  acc=0.0000
ITER 2000:  loss=0.0119   l1_loss=0.0000  acc=0.0000
ITER 2100:  loss=0.0120   l1_loss=0.0000  acc=0.0000
ITER 2200:  loss=0.0127   l1_loss=0.0000  acc=0.0000
ITER 2300:  loss=0.0120   l1_loss=0.0000  acc=0.0000
ITER 2400:  loss=0.0124   l1_loss=0.0000  acc=0.0000
ITER 2500:  loss=0.0125   l1_loss=0.0000  acc=0.0000
ITER 2600:  loss=0.0117   l1_loss=0.0000  acc=0.0000
ITER 2700:  loss=0.0119   l1_loss=0.0000  acc=0.0000
ITER 2800:  loss=0.0119   l1_loss=0.0000  acc=0.0000
ITER 2900:  loss=0.0117   l1_loss=0.0000  acc=0.0000
ITER 3000:  loss=0.0120   l1_loss=0.0000  acc=0.0000
TRAINING DONE
DONE: TESTING ON PRETRAIN
DONE: TESTING ON POWERS
DONE: TESTING ON SPIKES
