ITER 100:  loss=0.8980   l1_loss=0.0000  acc=0.0000
ITER 200:  loss=0.5279   l1_loss=0.0000  acc=0.0000
ITER 300:  loss=0.3635   l1_loss=0.0000  acc=0.0000
ITER 400:  loss=0.2510   l1_loss=0.0000  acc=0.0000
ITER 500:  loss=0.2141   l1_loss=0.0000  acc=0.0000
ITER 600:  loss=0.1667   l1_loss=0.0000  acc=0.0000
ITER 700:  loss=0.1346   l1_loss=0.0000  acc=0.0000
ITER 800:  loss=0.1057   l1_loss=0.0000  acc=0.0000
ITER 900:  loss=0.0965   l1_loss=0.0000  acc=0.0000
ITER 1000:  loss=0.0941   l1_loss=0.0000  acc=0.0000
ITER 1100:  loss=0.0887   l1_loss=0.0000  acc=0.0000
ITER 1200:  loss=0.0846   l1_loss=0.0000  acc=0.0000
ITER 1300:  loss=0.0775   l1_loss=0.0000  acc=0.0000
ITER 1400:  loss=0.0746   l1_loss=0.0000  acc=0.0000
ITER 1500:  loss=0.0692   l1_loss=0.0000  acc=0.0000
ITER 1600:  loss=0.0757   l1_loss=0.0000  acc=0.0000
ITER 1700:  loss=0.0714   l1_loss=0.0000  acc=0.0000
ITER 1800:  loss=0.0693   l1_loss=0.0000  acc=0.0000
ITER 1900:  loss=0.0652   l1_loss=0.0000  acc=0.0000
ITER 2000:  loss=0.0659   l1_loss=0.0000  acc=0.0000
ITER 2100:  loss=0.0617   l1_loss=0.0000  acc=0.0000
ITER 2200:  loss=0.0602   l1_loss=0.0000  acc=0.0000
ITER 2300:  loss=0.0587   l1_loss=0.0000  acc=0.0000
ITER 2400:  loss=0.0603   l1_loss=0.0000  acc=0.0000
ITER 2500:  loss=0.0608   l1_loss=0.0000  acc=0.0000
ITER 2600:  loss=0.0578   l1_loss=0.0000  acc=0.0000
ITER 2700:  loss=0.0541   l1_loss=0.0000  acc=0.0000
ITER 2800:  loss=0.0510   l1_loss=0.0000  acc=0.0000
ITER 2900:  loss=0.0544   l1_loss=0.0000  acc=0.0000
ITER 3000:  loss=0.0498   l1_loss=0.0000  acc=0.0000
TRAINING DONE
DONE: TESTING ON PRETRAIN
DONE: TESTING ON POWERS
DONE: TESTING ON SPIKES
