ITER 100:  loss=1.0248   l1_loss=0.0000  acc=0.0000
ITER 200:  loss=0.7493   l1_loss=0.0000  acc=0.0000
ITER 300:  loss=0.5583   l1_loss=0.0000  acc=0.0000
ITER 400:  loss=0.4808   l1_loss=0.0000  acc=0.0000
ITER 500:  loss=0.4309   l1_loss=0.0000  acc=0.0000
ITER 600:  loss=0.3764   l1_loss=0.0000  acc=0.0000
ITER 700:  loss=0.3369   l1_loss=0.0000  acc=0.0000
ITER 800:  loss=0.3140   l1_loss=0.0000  acc=0.0000
ITER 900:  loss=0.2863   l1_loss=0.0000  acc=0.0000
ITER 1000:  loss=0.2618   l1_loss=0.0000  acc=0.0000
ITER 1100:  loss=0.2555   l1_loss=0.0000  acc=0.0000
ITER 1200:  loss=0.2316   l1_loss=0.0000  acc=0.0000
ITER 1300:  loss=0.2074   l1_loss=0.0000  acc=0.0000
ITER 1400:  loss=0.2032   l1_loss=0.0000  acc=0.0000
ITER 1500:  loss=0.1810   l1_loss=0.0000  acc=0.0000
ITER 1600:  loss=0.1751   l1_loss=0.0000  acc=0.0000
ITER 1700:  loss=0.1710   l1_loss=0.0000  acc=0.0000
ITER 1800:  loss=0.1644   l1_loss=0.0000  acc=0.0000
ITER 1900:  loss=0.1623   l1_loss=0.0000  acc=0.0000
ITER 2000:  loss=0.1624   l1_loss=0.0000  acc=0.0000
ITER 2100:  loss=0.1400   l1_loss=0.0000  acc=0.0000
ITER 2200:  loss=0.1397   l1_loss=0.0000  acc=0.0000
ITER 2300:  loss=0.1439   l1_loss=0.0000  acc=0.0000
ITER 2400:  loss=0.1319   l1_loss=0.0000  acc=0.0000
ITER 2500:  loss=0.1307   l1_loss=0.0000  acc=0.0000
ITER 2600:  loss=0.1283   l1_loss=0.0000  acc=0.0000
ITER 2700:  loss=0.1128   l1_loss=0.0000  acc=0.0000
ITER 2800:  loss=0.1170   l1_loss=0.0000  acc=0.0000
ITER 2900:  loss=0.1090   l1_loss=0.0000  acc=0.0000
ITER 3000:  loss=0.1048   l1_loss=0.0000  acc=0.0000
TRAINING DONE
DONE: TESTING ON PRETRAIN
DONE: TESTING ON POWERS
DONE: TESTING ON SPIKES
