ITER 100:  loss=0.9461   l1_loss=0.0000  acc=0.0000
ITER 200:  loss=0.6812   l1_loss=0.0000  acc=0.0000
ITER 300:  loss=0.4854   l1_loss=0.0000  acc=0.0000
ITER 400:  loss=0.3886   l1_loss=0.0000  acc=0.0000
ITER 500:  loss=0.3511   l1_loss=0.0000  acc=0.0000
ITER 600:  loss=0.2941   l1_loss=0.0000  acc=0.0000
ITER 700:  loss=0.2792   l1_loss=0.0000  acc=0.0000
ITER 800:  loss=0.2451   l1_loss=0.0000  acc=0.0000
ITER 900:  loss=0.2491   l1_loss=0.0000  acc=0.0000
ITER 1000:  loss=0.2351   l1_loss=0.0000  acc=0.0000
ITER 1100:  loss=0.2107   l1_loss=0.0000  acc=0.0000
ITER 1200:  loss=0.2088   l1_loss=0.0000  acc=0.0000
ITER 1300:  loss=0.2044   l1_loss=0.0000  acc=0.0000
ITER 1400:  loss=0.2087   l1_loss=0.0000  acc=0.0000
ITER 1500:  loss=0.1980   l1_loss=0.0000  acc=0.0000
ITER 1600:  loss=0.1865   l1_loss=0.0000  acc=0.0000
ITER 1700:  loss=0.1759   l1_loss=0.0000  acc=0.0000
ITER 1800:  loss=0.1716   l1_loss=0.0000  acc=0.0000
ITER 1900:  loss=0.1706   l1_loss=0.0000  acc=0.0000
ITER 2000:  loss=0.1622   l1_loss=0.0000  acc=0.0000
ITER 2100:  loss=0.1552   l1_loss=0.0000  acc=0.0000
ITER 2200:  loss=0.1394   l1_loss=0.0000  acc=0.0000
ITER 2300:  loss=0.1480   l1_loss=0.0000  acc=0.0000
ITER 2400:  loss=0.1469   l1_loss=0.0000  acc=0.0000
ITER 2500:  loss=0.1495   l1_loss=0.0000  acc=0.0000
ITER 2600:  loss=0.1375   l1_loss=0.0000  acc=0.0000
ITER 2700:  loss=0.1360   l1_loss=0.0000  acc=0.0000
ITER 2800:  loss=0.1216   l1_loss=0.0000  acc=0.0000
ITER 2900:  loss=0.1171   l1_loss=0.0000  acc=0.0000
ITER 3000:  loss=0.1103   l1_loss=0.0000  acc=0.0000
TRAINING DONE
DONE: TESTING ON PRETRAIN
DONE: TESTING ON POWERS
DONE: TESTING ON SPIKES
