ITER 100:  loss=0.8193   l1_loss=0.0000  acc=0.0000
ITER 200:  loss=0.5104   l1_loss=0.0000  acc=0.0000
ITER 300:  loss=0.3585   l1_loss=0.0000  acc=0.0000
ITER 400:  loss=0.2514   l1_loss=0.0000  acc=0.0000
ITER 500:  loss=0.1844   l1_loss=0.0000  acc=0.0000
ITER 600:  loss=0.1520   l1_loss=0.0000  acc=0.0000
ITER 700:  loss=0.1300   l1_loss=0.0000  acc=0.0000
ITER 800:  loss=0.1248   l1_loss=0.0000  acc=0.0000
ITER 900:  loss=0.0991   l1_loss=0.0000  acc=0.0000
ITER 1000:  loss=0.0926   l1_loss=0.0000  acc=0.0000
ITER 1100:  loss=0.0891   l1_loss=0.0000  acc=0.0000
ITER 1200:  loss=0.0900   l1_loss=0.0000  acc=0.0000
ITER 1300:  loss=0.0840   l1_loss=0.0000  acc=0.0000
ITER 1400:  loss=0.0757   l1_loss=0.0000  acc=0.0000
ITER 1500:  loss=0.0754   l1_loss=0.0000  acc=0.0000
ITER 1600:  loss=0.0569   l1_loss=0.0000  acc=0.0000
ITER 1700:  loss=0.0525   l1_loss=0.0000  acc=0.0000
ITER 1800:  loss=0.0514   l1_loss=0.0000  acc=0.0000
ITER 1900:  loss=0.0522   l1_loss=0.0000  acc=0.0000
ITER 2000:  loss=0.0541   l1_loss=0.0000  acc=0.0000
ITER 2100:  loss=0.0518   l1_loss=0.0000  acc=0.0000
ITER 2200:  loss=0.0511   l1_loss=0.0000  acc=0.0000
ITER 2300:  loss=0.0486   l1_loss=0.0000  acc=0.0000
ITER 2400:  loss=0.0478   l1_loss=0.0000  acc=0.0000
ITER 2500:  loss=0.0483   l1_loss=0.0000  acc=0.0000
ITER 2600:  loss=0.0444   l1_loss=0.0000  acc=0.0000
ITER 2700:  loss=0.0474   l1_loss=0.0000  acc=0.0000
ITER 2800:  loss=0.0447   l1_loss=0.0000  acc=0.0000
ITER 2900:  loss=0.0436   l1_loss=0.0000  acc=0.0000
ITER 3000:  loss=0.0432   l1_loss=0.0000  acc=0.0000
TRAINING DONE
DONE: TESTING ON PRETRAIN
DONE: TESTING ON POWERS
DONE: TESTING ON SPIKES
