ITER 100:  loss=0.8354   l1_loss=0.0000  acc=0.0000
ITER 200:  loss=0.3614   l1_loss=0.0000  acc=0.0000
ITER 300:  loss=0.2258   l1_loss=0.0000  acc=0.0000
ITER 400:  loss=0.1358   l1_loss=0.0000  acc=0.0000
ITER 500:  loss=0.0958   l1_loss=0.0000  acc=0.0000
ITER 600:  loss=0.0649   l1_loss=0.0000  acc=0.0000
ITER 700:  loss=0.0516   l1_loss=0.0000  acc=0.0000
ITER 800:  loss=0.0505   l1_loss=0.0000  acc=0.0000
ITER 900:  loss=0.0472   l1_loss=0.0000  acc=0.0000
ITER 1000:  loss=0.0392   l1_loss=0.0000  acc=0.0000
ITER 1100:  loss=0.0298   l1_loss=0.0000  acc=0.0000
ITER 1200:  loss=0.0269   l1_loss=0.0000  acc=0.0000
ITER 1300:  loss=0.0227   l1_loss=0.0000  acc=0.0000
ITER 1400:  loss=0.0238   l1_loss=0.0000  acc=0.0000
ITER 1500:  loss=0.0234   l1_loss=0.0000  acc=0.0000
ITER 1600:  loss=0.0233   l1_loss=0.0000  acc=0.0000
ITER 1700:  loss=0.0221   l1_loss=0.0000  acc=0.0000
ITER 1800:  loss=0.0221   l1_loss=0.0000  acc=0.0000
ITER 1900:  loss=0.0238   l1_loss=0.0000  acc=0.0000
ITER 2000:  loss=0.0208   l1_loss=0.0000  acc=0.0000
ITER 2100:  loss=0.0209   l1_loss=0.0000  acc=0.0000
ITER 2200:  loss=0.0220   l1_loss=0.0000  acc=0.0000
ITER 2300:  loss=0.0215   l1_loss=0.0000  acc=0.0000
ITER 2400:  loss=0.0216   l1_loss=0.0000  acc=0.0000
ITER 2500:  loss=0.0210   l1_loss=0.0000  acc=0.0000
ITER 2600:  loss=0.0203   l1_loss=0.0000  acc=0.0000
ITER 2700:  loss=0.0217   l1_loss=0.0000  acc=0.0000
ITER 2800:  loss=0.0200   l1_loss=0.0000  acc=0.0000
ITER 2900:  loss=0.0201   l1_loss=0.0000  acc=0.0000
ITER 3000:  loss=0.0219   l1_loss=0.0000  acc=0.0000
TRAINING DONE
DONE: TESTING ON PRETRAIN
DONE: TESTING ON POWERS
DONE: TESTING ON SPIKES
