ITER 100:  loss=0.6262   l1_loss=0.0000  acc=0.0000
ITER 200:  loss=0.2258   l1_loss=0.0000  acc=0.0000
ITER 300:  loss=0.1214   l1_loss=0.0000  acc=0.0000
ITER 400:  loss=0.0840   l1_loss=0.0000  acc=0.0000
ITER 500:  loss=0.0670   l1_loss=0.0000  acc=0.0000
ITER 600:  loss=0.0580   l1_loss=0.0000  acc=0.0000
ITER 700:  loss=0.0462   l1_loss=0.0000  acc=0.0000
ITER 800:  loss=0.0358   l1_loss=0.0000  acc=0.0000
ITER 900:  loss=0.0306   l1_loss=0.0000  acc=0.0000
ITER 1000:  loss=0.0251   l1_loss=0.0000  acc=0.0000
ITER 1100:  loss=0.0259   l1_loss=0.0000  acc=0.0000
ITER 1200:  loss=0.0235   l1_loss=0.0000  acc=0.0000
ITER 1300:  loss=0.0215   l1_loss=0.0000  acc=0.0000
ITER 1400:  loss=0.0221   l1_loss=0.0000  acc=0.0000
ITER 1500:  loss=0.0205   l1_loss=0.0000  acc=0.0000
ITER 1600:  loss=0.0199   l1_loss=0.0000  acc=0.0000
ITER 1700:  loss=0.0204   l1_loss=0.0000  acc=0.0000
ITER 1800:  loss=0.0209   l1_loss=0.0000  acc=0.0000
ITER 1900:  loss=0.0198   l1_loss=0.0000  acc=0.0000
ITER 2000:  loss=0.0201   l1_loss=0.0000  acc=0.0000
ITER 2100:  loss=0.0183   l1_loss=0.0000  acc=0.0000
ITER 2200:  loss=0.0196   l1_loss=0.0000  acc=0.0000
ITER 2300:  loss=0.0189   l1_loss=0.0000  acc=0.0000
ITER 2400:  loss=0.0175   l1_loss=0.0000  acc=0.0000
ITER 2500:  loss=0.0193   l1_loss=0.0000  acc=0.0000
ITER 2600:  loss=0.0184   l1_loss=0.0000  acc=0.0000
ITER 2700:  loss=0.0187   l1_loss=0.0000  acc=0.0000
ITER 2800:  loss=0.0186   l1_loss=0.0000  acc=0.0000
ITER 2900:  loss=0.0183   l1_loss=0.0000  acc=0.0000
ITER 3000:  loss=0.0178   l1_loss=0.0000  acc=0.0000
TRAINING DONE
DONE: TESTING ON PRETRAIN
DONE: TESTING ON POWERS
DONE: TESTING ON SPIKES
