ITER 100:  loss=0.9482   l1_loss=0.0000  acc=0.0000
ITER 200:  loss=0.6066   l1_loss=0.0000  acc=0.0000
ITER 300:  loss=0.4914   l1_loss=0.0000  acc=0.0000
ITER 400:  loss=0.3793   l1_loss=0.0000  acc=0.0000
ITER 500:  loss=0.3248   l1_loss=0.0000  acc=0.0000
ITER 600:  loss=0.2864   l1_loss=0.0000  acc=0.0000
ITER 700:  loss=0.2451   l1_loss=0.0000  acc=0.0000
ITER 800:  loss=0.2110   l1_loss=0.0000  acc=0.0000
ITER 900:  loss=0.1795   l1_loss=0.0000  acc=0.0000
ITER 1000:  loss=0.1632   l1_loss=0.0000  acc=0.0000
ITER 1100:  loss=0.1466   l1_loss=0.0000  acc=0.0000
ITER 1200:  loss=0.1348   l1_loss=0.0000  acc=0.0000
ITER 1300:  loss=0.1361   l1_loss=0.0000  acc=0.0000
ITER 1400:  loss=0.1247   l1_loss=0.0000  acc=0.0000
ITER 1500:  loss=0.1162   l1_loss=0.0000  acc=0.0000
ITER 1600:  loss=0.1075   l1_loss=0.0000  acc=0.0000
ITER 1700:  loss=0.1024   l1_loss=0.0000  acc=0.0000
ITER 1800:  loss=0.1029   l1_loss=0.0000  acc=0.0000
ITER 1900:  loss=0.1001   l1_loss=0.0000  acc=0.0000
ITER 2000:  loss=0.0990   l1_loss=0.0000  acc=0.0000
ITER 2100:  loss=0.0954   l1_loss=0.0000  acc=0.0000
ITER 2200:  loss=0.0923   l1_loss=0.0000  acc=0.0000
ITER 2300:  loss=0.0899   l1_loss=0.0000  acc=0.0000
ITER 2400:  loss=0.0895   l1_loss=0.0000  acc=0.0000
ITER 2500:  loss=0.0914   l1_loss=0.0000  acc=0.0000
ITER 2600:  loss=0.0823   l1_loss=0.0000  acc=0.0000
ITER 2700:  loss=0.0843   l1_loss=0.0000  acc=0.0000
ITER 2800:  loss=0.0828   l1_loss=0.0000  acc=0.0000
ITER 2900:  loss=0.0801   l1_loss=0.0000  acc=0.0000
ITER 3000:  loss=0.0811   l1_loss=0.0000  acc=0.0000
TRAINING DONE
DONE: TESTING ON PRETRAIN
DONE: TESTING ON POWERS
DONE: TESTING ON SPIKES
