ITER 100:  loss=0.6489   l1_loss=0.0000  acc=0.0000
ITER 200:  loss=0.2714   l1_loss=0.0000  acc=0.0000
ITER 300:  loss=0.1697   l1_loss=0.0000  acc=0.0000
ITER 400:  loss=0.1256   l1_loss=0.0000  acc=0.0000
ITER 500:  loss=0.0768   l1_loss=0.0000  acc=0.0000
ITER 600:  loss=0.0555   l1_loss=0.0000  acc=0.0000
ITER 700:  loss=0.0447   l1_loss=0.0000  acc=0.0000
ITER 800:  loss=0.0376   l1_loss=0.0000  acc=0.0000
ITER 900:  loss=0.0272   l1_loss=0.0000  acc=0.0000
ITER 1000:  loss=0.0271   l1_loss=0.0000  acc=0.0000
ITER 1100:  loss=0.0253   l1_loss=0.0000  acc=0.0000
ITER 1200:  loss=0.0237   l1_loss=0.0000  acc=0.0000
ITER 1300:  loss=0.0226   l1_loss=0.0000  acc=0.0000
ITER 1400:  loss=0.0221   l1_loss=0.0000  acc=0.0000
ITER 1500:  loss=0.0218   l1_loss=0.0000  acc=0.0000
ITER 1600:  loss=0.0221   l1_loss=0.0000  acc=0.0000
ITER 1700:  loss=0.0219   l1_loss=0.0000  acc=0.0000
ITER 1800:  loss=0.0217   l1_loss=0.0000  acc=0.0000
ITER 1900:  loss=0.0213   l1_loss=0.0000  acc=0.0000
ITER 2000:  loss=0.0209   l1_loss=0.0000  acc=0.0000
ITER 2100:  loss=0.0215   l1_loss=0.0000  acc=0.0000
ITER 2200:  loss=0.0199   l1_loss=0.0000  acc=0.0000
ITER 2300:  loss=0.0204   l1_loss=0.0000  acc=0.0000
ITER 2400:  loss=0.0204   l1_loss=0.0000  acc=0.0000
ITER 2500:  loss=0.0213   l1_loss=0.0000  acc=0.0000
ITER 2600:  loss=0.0207   l1_loss=0.0000  acc=0.0000
ITER 2700:  loss=0.0220   l1_loss=0.0000  acc=0.0000
ITER 2800:  loss=0.0188   l1_loss=0.0000  acc=0.0000
ITER 2900:  loss=0.0202   l1_loss=0.0000  acc=0.0000
ITER 3000:  loss=0.0194   l1_loss=0.0000  acc=0.0000
TRAINING DONE
DONE: TESTING ON PRETRAIN
DONE: TESTING ON POWERS
DONE: TESTING ON SPIKES
