mkdir: cannot create directory ‘runs/softmaxonly_40fullrun’: File exists
mkdir: cannot create directory ‘runs/softmaxonly_40fullrun/pickles’: File exists
2025-06-17 22:18:51.707342: E external/xla/xla/stream_executor/stream.cc:332] Error recording event in stream: Error recording CUDA event: CUDA_ERROR_ILLEGAL_INSTRUCTION: an illegal instruction was encountered; not marking stream as bad, as the Event object may be at fault. Monitor for further errors.
2025-06-17 22:18:51.707869: E external/xla/xla/stream_executor/cuda/cuda_executor.cc:810] failed to record completion event; therefore, failed to create inter-stream dependency
2025-06-17 22:18:51.707884: E external/xla/xla/stream_executor/cuda/cuda_driver.cc:1872] could not wait stream on event: CUDA_ERROR_ILLEGAL_INSTRUCTION: an illegal instruction was encountered
2025-06-17 22:18:51.707911: E external/xla/xla/stream_executor/cuda/cuda_driver.cc:1437] unable to add host callback: CUDA_ERROR_ILLEGAL_INSTRUCTION: an illegal instruction was encountered
2025-06-17 22:18:51.707925: E external/xla/xla/stream_executor/stream.cc:928] Error waiting for event in stream: error recording waiting for CUDA event on stream 0x55b5b4dac290; not marking stream as bad, as the Event object may be at fault. Monitor for further errors.
2025-06-17 22:18:51.707934: E external/xla/xla/stream_executor/cuda/cuda_driver.cc:1872] could not wait stream on event: CUDA_ERROR_ILLEGAL_INSTRUCTION: an illegal instruction was encountered
2025-06-17 22:18:51.707940: E external/xla/xla/stream_executor/stream.cc:928] Error waiting for event in stream: error recording waiting for CUDA event on stream 0x55b5b4dac290; not marking stream as bad, as the Event object may be at fault. Monitor for further errors.
2025-06-17 22:18:51.708045: W external/xla/xla/service/gpu/runtime/support.cc:58] Intercepted XLA runtime error:
INTERNAL: CaptureGpuGraph failed (<no details>): INTERNAL: Failed to begin stream capture: CUDA_ERROR_ILLEGAL_INSTRUCTION: an illegal instruction was encountered
2025-06-17 22:18:51.708077: E external/xla/xla/pjrt/pjrt_stream_executor_client.cc:2732] Execution of replica 0 failed: INTERNAL: Failed to execute XLA Runtime executable: run time error: custom call 'xla.gpu.graph.launch' failed: CaptureGpuGraph failed (<no details>): INTERNAL: Failed to begin stream capture: CUDA_ERROR_ILLEGAL_INSTRUCTION: an illegal instruction was encountered; current tracing scope: cuda_graph/xla.gpu.graph.capture; current profiling annotation: XlaModule:#prefix=jit(train_step)/jit(main),hlo_module=jit_train_step,program_id=178#.
Traceback (most recent call last):
  File "/n/netscratch/pehlevan_lab/Lab/ml/ICL-structured-data/NONLINEAR/experiment/remote/kappasweep_neurips/kappasweep.py", line 43, in <module>
    state, hist = train(config, data_iter=iter(trainobject), test_1_iter=iter(testobject_1), test_2_iter=iter(testobject_2), batch_size=16, loss='mse', test_every=100, train_iters=1000, optim=optax.adamw,lr=1e-4)
                  ^^^^^^^^^^^^^^^^^^^^^^^^^^^^^^^^^^^^^^^^^^^^^^^^^^^^^^^^^^^^^^^^^^^^^^^^^^^^^^^^^^^^^^^^^^^^^^^^^^^^^^^^^^^^^^^^^^^^^^^^^^^^^^^^^^^^^^^^^^^^^^^^^^^^^^^^^^^^^^^^^^^^^^^^^^^^^^^^^^^^^^^^^^^^^^^^^^
  File "/n/netscratch/pehlevan_lab/Lab/ml/ICL-structured-data/NONLINEAR/experiment/remote/kappasweep_neurips/../../../trainmini.py", line 186, in train
    state = train_step(state, minibatchi, loss=loss, l1_weight=l1_weight, l2_weight=l2_weight)
            ^^^^^^^^^^^^^^^^^^^^^^^^^^^^^^^^^^^^^^^^^^^^^^^^^^^^^^^^^^^^^^^^^^^^^^^^^^^^^^^^^^
ValueError: INTERNAL: Failed to execute XLA Runtime executable: run time error: custom call 'xla.gpu.graph.launch' failed: CaptureGpuGraph failed (<no details>): INTERNAL: Failed to begin stream capture: CUDA_ERROR_ILLEGAL_INSTRUCTION: an illegal instruction was encountered; current tracing scope: cuda_graph/xla.gpu.graph.capture; current profiling annotation: XlaModule:#prefix=jit(train_step)/jit(main),hlo_module=jit_train_step,program_id=178#.
2025-06-17 22:18:51.887006: E external/xla/xla/stream_executor/cuda/cuda_driver.cc:1486] failed to unload module 0x55b5b58a95e0; leaking: CUDA_ERROR_ILLEGAL_INSTRUCTION: an illegal instruction was encountered
2025-06-17 22:18:51.888140: E external/xla/xla/stream_executor/cuda/cuda_driver.cc:1486] failed to unload module 0x55b5b5a98590; leaking: CUDA_ERROR_ILLEGAL_INSTRUCTION: an illegal instruction was encountered
2025-06-17 22:18:51.890245: E external/xla/xla/stream_executor/cuda/cuda_driver.cc:1486] failed to unload module 0x55b5b8c53b50; leaking: CUDA_ERROR_ILLEGAL_INSTRUCTION: an illegal instruction was encountered
2025-06-17 22:18:51.891222: E external/xla/xla/stream_executor/cuda/cuda_driver.cc:1486] failed to unload module 0x55b5b8a54bc0; leaking: CUDA_ERROR_ILLEGAL_INSTRUCTION: an illegal instruction was encountered
2025-06-17 22:18:51.892645: E external/xla/xla/stream_executor/cuda/cuda_driver.cc:1486] failed to unload module 0x55b5b9017bd0; leaking: CUDA_ERROR_ILLEGAL_INSTRUCTION: an illegal instruction was encountered
2025-06-17 22:18:51.893449: E external/xla/xla/stream_executor/cuda/cuda_driver.cc:1486] failed to unload module 0x55b5b8dc1310; leaking: CUDA_ERROR_ILLEGAL_INSTRUCTION: an illegal instruction was encountered
2025-06-17 22:18:51.894314: E external/xla/xla/stream_executor/cuda/cuda_driver.cc:1486] failed to unload module 0x55b5b93bd2f0; leaking: CUDA_ERROR_ILLEGAL_INSTRUCTION: an illegal instruction was encountered
2025-06-17 22:18:51.895260: E external/xla/xla/stream_executor/cuda/cuda_driver.cc:1486] failed to unload module 0x55b5b8efc0e0; leaking: CUDA_ERROR_ILLEGAL_INSTRUCTION: an illegal instruction was encountered
2025-06-17 22:18:51.896770: E external/xla/xla/stream_executor/cuda/cuda_driver.cc:1486] failed to unload module 0x55b5b842e690; leaking: CUDA_ERROR_ILLEGAL_INSTRUCTION: an illegal instruction was encountered
2025-06-17 22:18:51.897352: E external/xla/xla/stream_executor/cuda/cuda_driver.cc:1486] failed to unload module 0x55b5b8560470; leaking: CUDA_ERROR_ILLEGAL_INSTRUCTION: an illegal instruction was encountered
2025-06-17 22:18:51.897915: E external/xla/xla/stream_executor/cuda/cuda_driver.cc:1486] failed to unload module 0x55b5b85108e0; leaking: CUDA_ERROR_ILLEGAL_INSTRUCTION: an illegal instruction was encountered
2025-06-17 22:18:51.898532: E external/xla/xla/stream_executor/cuda/cuda_driver.cc:1486] failed to unload module 0x55b5b874ea80; leaking: CUDA_ERROR_ILLEGAL_INSTRUCTION: an illegal instruction was encountered
2025-06-17 22:18:51.899127: E external/xla/xla/stream_executor/cuda/cuda_driver.cc:1486] failed to unload module 0x55b5b88b8d70; leaking: CUDA_ERROR_ILLEGAL_INSTRUCTION: an illegal instruction was encountered
2025-06-17 22:18:51.899596: E external/xla/xla/stream_executor/cuda/cuda_driver.cc:1486] failed to unload module 0x55b5b8835740; leaking: CUDA_ERROR_ILLEGAL_INSTRUCTION: an illegal instruction was encountered
2025-06-17 22:18:51.900379: E external/xla/xla/stream_executor/cuda/cuda_driver.cc:1486] failed to unload module 0x55b5b951c2a0; leaking: CUDA_ERROR_ILLEGAL_INSTRUCTION: an illegal instruction was encountered
2025-06-17 22:18:51.900713: E external/xla/xla/stream_executor/cuda/cuda_driver.cc:1486] failed to unload module 0x55b5b92f6400; leaking: CUDA_ERROR_ILLEGAL_INSTRUCTION: an illegal instruction was encountered
2025-06-17 22:18:51.901420: E external/xla/xla/stream_executor/cuda/cuda_driver.cc:1486] failed to unload module 0x55b5b95eaac0; leaking: CUDA_ERROR_ILLEGAL_INSTRUCTION: an illegal instruction was encountered
2025-06-17 22:18:51.901756: E external/xla/xla/stream_executor/cuda/cuda_driver.cc:1486] failed to unload module 0x55b5b863eef0; leaking: CUDA_ERROR_ILLEGAL_INSTRUCTION: an illegal instruction was encountered
2025-06-17 22:18:51.902319: E external/xla/xla/stream_executor/cuda/cuda_driver.cc:1486] failed to unload module 0x55b5b9818f20; leaking: CUDA_ERROR_ILLEGAL_INSTRUCTION: an illegal instruction was encountered
2025-06-17 22:18:51.902915: E external/xla/xla/stream_executor/cuda/cuda_driver.cc:1486] failed to unload module 0x55b5b82a5c70; leaking: CUDA_ERROR_ILLEGAL_INSTRUCTION: an illegal instruction was encountered
2025-06-17 22:18:51.903414: E external/xla/xla/stream_executor/cuda/cuda_driver.cc:1486] failed to unload module 0x55b5b59c9c00; leaking: CUDA_ERROR_ILLEGAL_INSTRUCTION: an illegal instruction was encountered
2025-06-17 22:18:51.904480: E external/xla/xla/stream_executor/cuda/cuda_driver.cc:1486] failed to unload module 0x55b5b9d33f80; leaking: CUDA_ERROR_ILLEGAL_INSTRUCTION: an illegal instruction was encountered
2025-06-17 22:18:51.904851: E external/xla/xla/stream_executor/cuda/cuda_driver.cc:1486] failed to unload module 0x55b5b8290b30; leaking: CUDA_ERROR_ILLEGAL_INSTRUCTION: an illegal instruction was encountered
2025-06-17 22:18:51.905323: E external/xla/xla/stream_executor/cuda/cuda_driver.cc:1486] failed to unload module 0x55b5b9e5f2f0; leaking: CUDA_ERROR_ILLEGAL_INSTRUCTION: an illegal instruction was encountered
2025-06-17 22:18:51.905962: E external/xla/xla/stream_executor/cuda/cuda_driver.cc:1486] failed to unload module 0x55b5b9f2e770; leaking: CUDA_ERROR_ILLEGAL_INSTRUCTION: an illegal instruction was encountered
2025-06-17 22:18:51.906641: E external/xla/xla/stream_executor/cuda/cuda_driver.cc:1486] failed to unload module 0x55b5ba0e54a0; leaking: CUDA_ERROR_ILLEGAL_INSTRUCTION: an illegal instruction was encountered
2025-06-17 22:18:51.907191: E external/xla/xla/stream_executor/cuda/cuda_driver.cc:1486] failed to unload module 0x55b5ba0f9000; leaking: CUDA_ERROR_ILLEGAL_INSTRUCTION: an illegal instruction was encountered
2025-06-17 22:18:51.907693: E external/xla/xla/stream_executor/cuda/cuda_driver.cc:1486] failed to unload module 0x55b5ba297490; leaking: CUDA_ERROR_ILLEGAL_INSTRUCTION: an illegal instruction was encountered
2025-06-17 22:18:51.908286: E external/xla/xla/stream_executor/cuda/cuda_driver.cc:1486] failed to unload module 0x55b5b9d24480; leaking: CUDA_ERROR_ILLEGAL_INSTRUCTION: an illegal instruction was encountered
2025-06-17 22:18:51.908834: E external/xla/xla/stream_executor/cuda/cuda_driver.cc:1486] failed to unload module 0x55b5ba42c010; leaking: CUDA_ERROR_ILLEGAL_INSTRUCTION: an illegal instruction was encountered
2025-06-17 22:18:51.909496: E external/xla/xla/stream_executor/cuda/cuda_driver.cc:1486] failed to unload module 0x55b5b5e475f0; leaking: CUDA_ERROR_ILLEGAL_INSTRUCTION: an illegal instruction was encountered
2025-06-17 22:18:51.910391: E external/xla/xla/stream_executor/cuda/cuda_driver.cc:1486] failed to unload module 0x55b5b8970840; leaking: CUDA_ERROR_ILLEGAL_INSTRUCTION: an illegal instruction was encountered
2025-06-17 22:18:51.910705: E external/xla/xla/stream_executor/cuda/cuda_driver.cc:1486] failed to unload module 0x55b5b5bb0790; leaking: CUDA_ERROR_ILLEGAL_INSTRUCTION: an illegal instruction was encountered
2025-06-17 22:18:51.910879: E external/xla/xla/stream_executor/cuda/cuda_driver.cc:1486] failed to unload module 0x55b5b62b09e0; leaking: CUDA_ERROR_ILLEGAL_INSTRUCTION: an illegal instruction was encountered
2025-06-17 22:18:51.911304: E external/xla/xla/stream_executor/cuda/cuda_driver.cc:1486] failed to unload module 0x55b5ba475ac0; leaking: CUDA_ERROR_ILLEGAL_INSTRUCTION: an illegal instruction was encountered
2025-06-17 22:18:51.911781: E external/xla/xla/stream_executor/cuda/cuda_driver.cc:1486] failed to unload module 0x55b5b58ce7a0; leaking: CUDA_ERROR_ILLEGAL_INSTRUCTION: an illegal instruction was encountered
2025-06-17 22:18:51.980929: E external/xla/xla/stream_executor/cuda/cuda_driver.cc:1486] failed to unload module 0x55b5b9cb2f90; leaking: CUDA_ERROR_ILLEGAL_INSTRUCTION: an illegal instruction was encountered
2025-06-17 22:18:51.981722: E external/xla/xla/stream_executor/cuda/cuda_driver.cc:1486] failed to unload module 0x55b5b607ce70; leaking: CUDA_ERROR_ILLEGAL_INSTRUCTION: an illegal instruction was encountered
2025-06-17 22:18:51.985464: E external/xla/xla/stream_executor/cuda/cuda_driver.cc:1486] failed to unload module 0x55b5b9546d80; leaking: CUDA_ERROR_ILLEGAL_INSTRUCTION: an illegal instruction was encountered
2025-06-17 22:18:51.985660: E external/xla/xla/stream_executor/cuda/cuda_driver.cc:1486] failed to unload module 0x55b5b5c78530; leaking: CUDA_ERROR_ILLEGAL_INSTRUCTION: an illegal instruction was encountered
2025-06-17 22:18:51.985852: E external/xla/xla/stream_executor/cuda/cuda_driver.cc:1486] failed to unload module 0x55b5b8bab0b0; leaking: CUDA_ERROR_ILLEGAL_INSTRUCTION: an illegal instruction was encountered
