mkdir: cannot create directory ‘runs/softmaxonly_40fullrun’: File exists
mkdir: cannot create directory ‘runs/softmaxonly_40fullrun/pickles’: File exists
2025-06-17 22:16:06.086108: E external/xla/xla/stream_executor/stream.cc:332] Error recording event in stream: Error recording CUDA event: CUDA_ERROR_ILLEGAL_INSTRUCTION: an illegal instruction was encountered; not marking stream as bad, as the Event object may be at fault. Monitor for further errors.
2025-06-17 22:16:06.087395: E external/xla/xla/stream_executor/cuda/cuda_executor.cc:810] failed to record completion event; therefore, failed to create inter-stream dependency
2025-06-17 22:16:06.087409: E external/xla/xla/stream_executor/stream.cc:332] Error recording event in stream: Error recording CUDA event: CUDA_ERROR_ILLEGAL_INSTRUCTION: an illegal instruction was encountered; not marking stream as bad, as the Event object may be at fault. Monitor for further errors.
2025-06-17 22:16:06.087440: E external/xla/xla/stream_executor/cuda/cuda_driver.cc:1437] unable to add host callback: CUDA_ERROR_ILLEGAL_INSTRUCTION: an illegal instruction was encountered
2025-06-17 22:16:06.087452: E external/xla/xla/stream_executor/cuda/cuda_driver.cc:1872] could not wait stream on event: CUDA_ERROR_ILLEGAL_INSTRUCTION: an illegal instruction was encountered
2025-06-17 22:16:06.087476: E external/xla/xla/stream_executor/cuda/cuda_driver.cc:1437] unable to add host callback: CUDA_ERROR_ILLEGAL_INSTRUCTION: an illegal instruction was encountered
2025-06-17 22:16:06.087489: E external/xla/xla/stream_executor/stream.cc:928] Error waiting for event in stream: error recording waiting for CUDA event on stream 0x55993c942760; not marking stream as bad, as the Event object may be at fault. Monitor for further errors.
2025-06-17 22:16:06.087498: E external/xla/xla/stream_executor/cuda/cuda_driver.cc:1872] could not wait stream on event: CUDA_ERROR_ILLEGAL_INSTRUCTION: an illegal instruction was encountered
2025-06-17 22:16:06.087505: E external/xla/xla/stream_executor/stream.cc:928] Error waiting for event in stream: error recording waiting for CUDA event on stream 0x55993c942760; not marking stream as bad, as the Event object may be at fault. Monitor for further errors.
2025-06-17 22:16:06.087592: W external/xla/xla/service/gpu/runtime/support.cc:58] Intercepted XLA runtime error:
INTERNAL: CaptureGpuGraph failed (<no details>): INTERNAL: Failed to begin stream capture: CUDA_ERROR_ILLEGAL_INSTRUCTION: an illegal instruction was encountered
2025-06-17 22:16:06.087620: E external/xla/xla/pjrt/pjrt_stream_executor_client.cc:2732] Execution of replica 0 failed: INTERNAL: Failed to execute XLA Runtime executable: run time error: custom call 'xla.gpu.graph.launch' failed: CaptureGpuGraph failed (<no details>): INTERNAL: Failed to begin stream capture: CUDA_ERROR_ILLEGAL_INSTRUCTION: an illegal instruction was encountered; current tracing scope: cuda_graph/xla.gpu.graph.capture; current profiling annotation: XlaModule:#prefix=jit(train_step)/jit(main),hlo_module=jit_train_step,program_id=178#.
Traceback (most recent call last):
  File "/n/netscratch/pehlevan_lab/Lab/ml/ICL-structured-data/NONLINEAR/experiment/remote/kappasweep_neurips/kappasweep.py", line 43, in <module>
    state, hist = train(config, data_iter=iter(trainobject), test_1_iter=iter(testobject_1), test_2_iter=iter(testobject_2), batch_size=16, loss='mse', test_every=100, train_iters=1000, optim=optax.adamw,lr=1e-4)
                  ^^^^^^^^^^^^^^^^^^^^^^^^^^^^^^^^^^^^^^^^^^^^^^^^^^^^^^^^^^^^^^^^^^^^^^^^^^^^^^^^^^^^^^^^^^^^^^^^^^^^^^^^^^^^^^^^^^^^^^^^^^^^^^^^^^^^^^^^^^^^^^^^^^^^^^^^^^^^^^^^^^^^^^^^^^^^^^^^^^^^^^^^^^^^^^^^^^
  File "/n/netscratch/pehlevan_lab/Lab/ml/ICL-structured-data/NONLINEAR/experiment/remote/kappasweep_neurips/../../../trainmini.py", line 186, in train
    state = train_step(state, minibatchi, loss=loss, l1_weight=l1_weight, l2_weight=l2_weight)
            ^^^^^^^^^^^^^^^^^^^^^^^^^^^^^^^^^^^^^^^^^^^^^^^^^^^^^^^^^^^^^^^^^^^^^^^^^^^^^^^^^^
ValueError: INTERNAL: Failed to execute XLA Runtime executable: run time error: custom call 'xla.gpu.graph.launch' failed: CaptureGpuGraph failed (<no details>): INTERNAL: Failed to begin stream capture: CUDA_ERROR_ILLEGAL_INSTRUCTION: an illegal instruction was encountered; current tracing scope: cuda_graph/xla.gpu.graph.capture; current profiling annotation: XlaModule:#prefix=jit(train_step)/jit(main),hlo_module=jit_train_step,program_id=178#.
2025-06-17 22:16:06.261361: E external/xla/xla/stream_executor/cuda/cuda_driver.cc:1486] failed to unload module 0x55993d49b970; leaking: CUDA_ERROR_ILLEGAL_INSTRUCTION: an illegal instruction was encountered
2025-06-17 22:16:06.262367: E external/xla/xla/stream_executor/cuda/cuda_driver.cc:1486] failed to unload module 0x55993d69d8b0; leaking: CUDA_ERROR_ILLEGAL_INSTRUCTION: an illegal instruction was encountered
2025-06-17 22:16:06.264391: E external/xla/xla/stream_executor/cuda/cuda_driver.cc:1486] failed to unload module 0x5599407ebaf0; leaking: CUDA_ERROR_ILLEGAL_INSTRUCTION: an illegal instruction was encountered
2025-06-17 22:16:06.265301: E external/xla/xla/stream_executor/cuda/cuda_driver.cc:1486] failed to unload module 0x5599405e4d60; leaking: CUDA_ERROR_ILLEGAL_INSTRUCTION: an illegal instruction was encountered
2025-06-17 22:16:06.266760: E external/xla/xla/stream_executor/cuda/cuda_driver.cc:1486] failed to unload module 0x559940b7c9d0; leaking: CUDA_ERROR_ILLEGAL_INSTRUCTION: an illegal instruction was encountered
2025-06-17 22:16:06.267666: E external/xla/xla/stream_executor/cuda/cuda_driver.cc:1486] failed to unload module 0x5599409b5340; leaking: CUDA_ERROR_ILLEGAL_INSTRUCTION: an illegal instruction was encountered
2025-06-17 22:16:06.268626: E external/xla/xla/stream_executor/cuda/cuda_driver.cc:1486] failed to unload module 0x559940f445f0; leaking: CUDA_ERROR_ILLEGAL_INSTRUCTION: an illegal instruction was encountered
2025-06-17 22:16:06.269579: E external/xla/xla/stream_executor/cuda/cuda_driver.cc:1486] failed to unload module 0x559940ad0150; leaking: CUDA_ERROR_ILLEGAL_INSTRUCTION: an illegal instruction was encountered
2025-06-17 22:16:06.271083: E external/xla/xla/stream_executor/cuda/cuda_driver.cc:1486] failed to unload module 0x55993fffcde0; leaking: CUDA_ERROR_ILLEGAL_INSTRUCTION: an illegal instruction was encountered
2025-06-17 22:16:06.271683: E external/xla/xla/stream_executor/cuda/cuda_driver.cc:1486] failed to unload module 0x559940192380; leaking: CUDA_ERROR_ILLEGAL_INSTRUCTION: an illegal instruction was encountered
2025-06-17 22:16:06.272233: E external/xla/xla/stream_executor/cuda/cuda_driver.cc:1486] failed to unload module 0x559940198930; leaking: CUDA_ERROR_ILLEGAL_INSTRUCTION: an illegal instruction was encountered
2025-06-17 22:16:06.272817: E external/xla/xla/stream_executor/cuda/cuda_driver.cc:1486] failed to unload module 0x55994026ba00; leaking: CUDA_ERROR_ILLEGAL_INSTRUCTION: an illegal instruction was encountered
2025-06-17 22:16:06.273438: E external/xla/xla/stream_executor/cuda/cuda_driver.cc:1486] failed to unload module 0x55994044c340; leaking: CUDA_ERROR_ILLEGAL_INSTRUCTION: an illegal instruction was encountered
2025-06-17 22:16:06.273899: E external/xla/xla/stream_executor/cuda/cuda_driver.cc:1486] failed to unload module 0x5599403f6e80; leaking: CUDA_ERROR_ILLEGAL_INSTRUCTION: an illegal instruction was encountered
2025-06-17 22:16:06.274741: E external/xla/xla/stream_executor/cuda/cuda_driver.cc:1486] failed to unload module 0x55994106ce30; leaking: CUDA_ERROR_ILLEGAL_INSTRUCTION: an illegal instruction was encountered
2025-06-17 22:16:06.275061: E external/xla/xla/stream_executor/cuda/cuda_driver.cc:1486] failed to unload module 0x559940efd390; leaking: CUDA_ERROR_ILLEGAL_INSTRUCTION: an illegal instruction was encountered
2025-06-17 22:16:06.275759: E external/xla/xla/stream_executor/cuda/cuda_driver.cc:1486] failed to unload module 0x5599412b01c0; leaking: CUDA_ERROR_ILLEGAL_INSTRUCTION: an illegal instruction was encountered
2025-06-17 22:16:06.276093: E external/xla/xla/stream_executor/cuda/cuda_driver.cc:1486] failed to unload module 0x5599402638e0; leaking: CUDA_ERROR_ILLEGAL_INSTRUCTION: an illegal instruction was encountered
2025-06-17 22:16:06.276689: E external/xla/xla/stream_executor/cuda/cuda_driver.cc:1486] failed to unload module 0x5599412f8d50; leaking: CUDA_ERROR_ILLEGAL_INSTRUCTION: an illegal instruction was encountered
2025-06-17 22:16:06.277293: E external/xla/xla/stream_executor/cuda/cuda_driver.cc:1486] failed to unload module 0x55993fe78450; leaking: CUDA_ERROR_ILLEGAL_INSTRUCTION: an illegal instruction was encountered
2025-06-17 22:16:06.277784: E external/xla/xla/stream_executor/cuda/cuda_driver.cc:1486] failed to unload module 0x55993d5599a0; leaking: CUDA_ERROR_ILLEGAL_INSTRUCTION: an illegal instruction was encountered
2025-06-17 22:16:06.278828: E external/xla/xla/stream_executor/cuda/cuda_driver.cc:1486] failed to unload module 0x55993fe501b0; leaking: CUDA_ERROR_ILLEGAL_INSTRUCTION: an illegal instruction was encountered
2025-06-17 22:16:06.279194: E external/xla/xla/stream_executor/cuda/cuda_driver.cc:1486] failed to unload module 0x5599417c1bd0; leaking: CUDA_ERROR_ILLEGAL_INSTRUCTION: an illegal instruction was encountered
2025-06-17 22:16:06.279704: E external/xla/xla/stream_executor/cuda/cuda_driver.cc:1486] failed to unload module 0x5599419d4d50; leaking: CUDA_ERROR_ILLEGAL_INSTRUCTION: an illegal instruction was encountered
2025-06-17 22:16:06.280335: E external/xla/xla/stream_executor/cuda/cuda_driver.cc:1486] failed to unload module 0x559941b54690; leaking: CUDA_ERROR_ILLEGAL_INSTRUCTION: an illegal instruction was encountered
2025-06-17 22:16:06.280996: E external/xla/xla/stream_executor/cuda/cuda_driver.cc:1486] failed to unload module 0x559941d07d70; leaking: CUDA_ERROR_ILLEGAL_INSTRUCTION: an illegal instruction was encountered
2025-06-17 22:16:06.281532: E external/xla/xla/stream_executor/cuda/cuda_driver.cc:1486] failed to unload module 0x559941db1130; leaking: CUDA_ERROR_ILLEGAL_INSTRUCTION: an illegal instruction was encountered
2025-06-17 22:16:06.282047: E external/xla/xla/stream_executor/cuda/cuda_driver.cc:1486] failed to unload module 0x559941df5440; leaking: CUDA_ERROR_ILLEGAL_INSTRUCTION: an illegal instruction was encountered
2025-06-17 22:16:06.282624: E external/xla/xla/stream_executor/cuda/cuda_driver.cc:1486] failed to unload module 0x5599415f5f60; leaking: CUDA_ERROR_ILLEGAL_INSTRUCTION: an illegal instruction was encountered
2025-06-17 22:16:06.283165: E external/xla/xla/stream_executor/cuda/cuda_driver.cc:1486] failed to unload module 0x559941f85010; leaking: CUDA_ERROR_ILLEGAL_INSTRUCTION: an illegal instruction was encountered
2025-06-17 22:16:06.283859: E external/xla/xla/stream_executor/cuda/cuda_driver.cc:1486] failed to unload module 0x55993d9dcb40; leaking: CUDA_ERROR_ILLEGAL_INSTRUCTION: an illegal instruction was encountered
2025-06-17 22:16:06.284758: E external/xla/xla/stream_executor/cuda/cuda_driver.cc:1486] failed to unload module 0x55993d7e08d0; leaking: CUDA_ERROR_ILLEGAL_INSTRUCTION: an illegal instruction was encountered
2025-06-17 22:16:06.285129: E external/xla/xla/stream_executor/cuda/cuda_driver.cc:1486] failed to unload module 0x55993ddc4ba0; leaking: CUDA_ERROR_ILLEGAL_INSTRUCTION: an illegal instruction was encountered
2025-06-17 22:16:06.285279: E external/xla/xla/stream_executor/cuda/cuda_driver.cc:1486] failed to unload module 0x55994052ee20; leaking: CUDA_ERROR_ILLEGAL_INSTRUCTION: an illegal instruction was encountered
2025-06-17 22:16:06.285669: E external/xla/xla/stream_executor/cuda/cuda_driver.cc:1486] failed to unload module 0x55994204ec30; leaking: CUDA_ERROR_ILLEGAL_INSTRUCTION: an illegal instruction was encountered
2025-06-17 22:16:06.286129: E external/xla/xla/stream_executor/cuda/cuda_driver.cc:1486] failed to unload module 0x55993d3f2c20; leaking: CUDA_ERROR_ILLEGAL_INSTRUCTION: an illegal instruction was encountered
2025-06-17 22:16:06.347688: E external/xla/xla/stream_executor/cuda/cuda_driver.cc:1486] failed to unload module 0x5599417cc110; leaking: CUDA_ERROR_ILLEGAL_INSTRUCTION: an illegal instruction was encountered
2025-06-17 22:16:06.348442: E external/xla/xla/stream_executor/cuda/cuda_driver.cc:1486] failed to unload module 0x55993d48e490; leaking: CUDA_ERROR_ILLEGAL_INSTRUCTION: an illegal instruction was encountered
2025-06-17 22:16:06.352205: E external/xla/xla/stream_executor/cuda/cuda_driver.cc:1486] failed to unload module 0x559941167010; leaking: CUDA_ERROR_ILLEGAL_INSTRUCTION: an illegal instruction was encountered
2025-06-17 22:16:06.352392: E external/xla/xla/stream_executor/cuda/cuda_driver.cc:1486] failed to unload module 0x55994066d890; leaking: CUDA_ERROR_ILLEGAL_INSTRUCTION: an illegal instruction was encountered
2025-06-17 22:16:06.352572: E external/xla/xla/stream_executor/cuda/cuda_driver.cc:1486] failed to unload module 0x55993d71d900; leaking: CUDA_ERROR_ILLEGAL_INSTRUCTION: an illegal instruction was encountered
