mkdir: cannot create directory ‘runs/softmaxonly_40fullrun’: File exists
mkdir: cannot create directory ‘runs/softmaxonly_40fullrun/pickles’: File exists
2025-06-17 22:26:03.447289: E external/xla/xla/stream_executor/stream.cc:332] Error recording event in stream: Error recording CUDA event: CUDA_ERROR_ILLEGAL_INSTRUCTION: an illegal instruction was encountered; not marking stream as bad, as the Event object may be at fault. Monitor for further errors.
2025-06-17 22:26:03.447784: E external/xla/xla/stream_executor/cuda/cuda_executor.cc:810] failed to record completion event; therefore, failed to create inter-stream dependency
2025-06-17 22:26:03.447796: E external/xla/xla/stream_executor/cuda/cuda_driver.cc:1872] could not wait stream on event: CUDA_ERROR_ILLEGAL_INSTRUCTION: an illegal instruction was encountered
2025-06-17 22:26:03.447821: E external/xla/xla/stream_executor/cuda/cuda_driver.cc:1437] unable to add host callback: CUDA_ERROR_ILLEGAL_INSTRUCTION: an illegal instruction was encountered
2025-06-17 22:26:03.447834: E external/xla/xla/stream_executor/stream.cc:928] Error waiting for event in stream: error recording waiting for CUDA event on stream 0x55c62b0093d0; not marking stream as bad, as the Event object may be at fault. Monitor for further errors.
2025-06-17 22:26:03.447843: E external/xla/xla/stream_executor/cuda/cuda_driver.cc:1872] could not wait stream on event: CUDA_ERROR_ILLEGAL_INSTRUCTION: an illegal instruction was encountered
2025-06-17 22:26:03.447850: E external/xla/xla/stream_executor/stream.cc:928] Error waiting for event in stream: error recording waiting for CUDA event on stream 0x55c62b0093d0; not marking stream as bad, as the Event object may be at fault. Monitor for further errors.
2025-06-17 22:26:03.447953: W external/xla/xla/service/gpu/runtime/support.cc:58] Intercepted XLA runtime error:
INTERNAL: CaptureGpuGraph failed (<no details>): INTERNAL: Failed to begin stream capture: CUDA_ERROR_ILLEGAL_INSTRUCTION: an illegal instruction was encountered
2025-06-17 22:26:03.447983: E external/xla/xla/pjrt/pjrt_stream_executor_client.cc:2732] Execution of replica 0 failed: INTERNAL: Failed to execute XLA Runtime executable: run time error: custom call 'xla.gpu.graph.launch' failed: CaptureGpuGraph failed (<no details>): INTERNAL: Failed to begin stream capture: CUDA_ERROR_ILLEGAL_INSTRUCTION: an illegal instruction was encountered; current tracing scope: cuda_graph/xla.gpu.graph.capture; current profiling annotation: XlaModule:#prefix=jit(train_step)/jit(main),hlo_module=jit_train_step,program_id=178#.
Traceback (most recent call last):
  File "/n/netscratch/pehlevan_lab/Lab/ml/ICL-structured-data/NONLINEAR/experiment/remote/kappasweep_neurips/kappasweep.py", line 43, in <module>
    state, hist = train(config, data_iter=iter(trainobject), test_1_iter=iter(testobject_1), test_2_iter=iter(testobject_2), batch_size=16, loss='mse', test_every=100, train_iters=1000, optim=optax.adamw,lr=1e-4)
                  ^^^^^^^^^^^^^^^^^^^^^^^^^^^^^^^^^^^^^^^^^^^^^^^^^^^^^^^^^^^^^^^^^^^^^^^^^^^^^^^^^^^^^^^^^^^^^^^^^^^^^^^^^^^^^^^^^^^^^^^^^^^^^^^^^^^^^^^^^^^^^^^^^^^^^^^^^^^^^^^^^^^^^^^^^^^^^^^^^^^^^^^^^^^^^^^^^^
  File "/n/netscratch/pehlevan_lab/Lab/ml/ICL-structured-data/NONLINEAR/experiment/remote/kappasweep_neurips/../../../trainmini.py", line 186, in train
    state = train_step(state, minibatchi, loss=loss, l1_weight=l1_weight, l2_weight=l2_weight)
            ^^^^^^^^^^^^^^^^^^^^^^^^^^^^^^^^^^^^^^^^^^^^^^^^^^^^^^^^^^^^^^^^^^^^^^^^^^^^^^^^^^
ValueError: INTERNAL: Failed to execute XLA Runtime executable: run time error: custom call 'xla.gpu.graph.launch' failed: CaptureGpuGraph failed (<no details>): INTERNAL: Failed to begin stream capture: CUDA_ERROR_ILLEGAL_INSTRUCTION: an illegal instruction was encountered; current tracing scope: cuda_graph/xla.gpu.graph.capture; current profiling annotation: XlaModule:#prefix=jit(train_step)/jit(main),hlo_module=jit_train_step,program_id=178#.
2025-06-17 22:26:03.586566: E external/xla/xla/stream_executor/cuda/cuda_driver.cc:1486] failed to unload module 0x55c62bc2e710; leaking: CUDA_ERROR_ILLEGAL_INSTRUCTION: an illegal instruction was encountered
2025-06-17 22:26:03.587573: E external/xla/xla/stream_executor/cuda/cuda_driver.cc:1486] failed to unload module 0x55c62bc7d930; leaking: CUDA_ERROR_ILLEGAL_INSTRUCTION: an illegal instruction was encountered
2025-06-17 22:26:03.589447: E external/xla/xla/stream_executor/cuda/cuda_driver.cc:1486] failed to unload module 0x55c62ef59690; leaking: CUDA_ERROR_ILLEGAL_INSTRUCTION: an illegal instruction was encountered
2025-06-17 22:26:03.590323: E external/xla/xla/stream_executor/cuda/cuda_driver.cc:1486] failed to unload module 0x55c62ecf5ab0; leaking: CUDA_ERROR_ILLEGAL_INSTRUCTION: an illegal instruction was encountered
2025-06-17 22:26:03.591602: E external/xla/xla/stream_executor/cuda/cuda_driver.cc:1486] failed to unload module 0x55c62f3143d0; leaking: CUDA_ERROR_ILLEGAL_INSTRUCTION: an illegal instruction was encountered
2025-06-17 22:26:03.592371: E external/xla/xla/stream_executor/cuda/cuda_driver.cc:1486] failed to unload module 0x55c62f0380b0; leaking: CUDA_ERROR_ILLEGAL_INSTRUCTION: an illegal instruction was encountered
2025-06-17 22:26:03.593241: E external/xla/xla/stream_executor/cuda/cuda_driver.cc:1486] failed to unload module 0x55c62f644060; leaking: CUDA_ERROR_ILLEGAL_INSTRUCTION: an illegal instruction was encountered
2025-06-17 22:26:03.594122: E external/xla/xla/stream_executor/cuda/cuda_driver.cc:1486] failed to unload module 0x55c62f195060; leaking: CUDA_ERROR_ILLEGAL_INSTRUCTION: an illegal instruction was encountered
2025-06-17 22:26:03.595550: E external/xla/xla/stream_executor/cuda/cuda_driver.cc:1486] failed to unload module 0x55c62e719800; leaking: CUDA_ERROR_ILLEGAL_INSTRUCTION: an illegal instruction was encountered
2025-06-17 22:26:03.596110: E external/xla/xla/stream_executor/cuda/cuda_driver.cc:1486] failed to unload module 0x55c62e812340; leaking: CUDA_ERROR_ILLEGAL_INSTRUCTION: an illegal instruction was encountered
2025-06-17 22:26:03.596626: E external/xla/xla/stream_executor/cuda/cuda_driver.cc:1486] failed to unload module 0x55c62e7f2630; leaking: CUDA_ERROR_ILLEGAL_INSTRUCTION: an illegal instruction was encountered
2025-06-17 22:26:03.597230: E external/xla/xla/stream_executor/cuda/cuda_driver.cc:1486] failed to unload module 0x55c62e734d10; leaking: CUDA_ERROR_ILLEGAL_INSTRUCTION: an illegal instruction was encountered
2025-06-17 22:26:03.597821: E external/xla/xla/stream_executor/cuda/cuda_driver.cc:1486] failed to unload module 0x55c62eb14a90; leaking: CUDA_ERROR_ILLEGAL_INSTRUCTION: an illegal instruction was encountered
2025-06-17 22:26:03.598298: E external/xla/xla/stream_executor/cuda/cuda_driver.cc:1486] failed to unload module 0x55c62eb468d0; leaking: CUDA_ERROR_ILLEGAL_INSTRUCTION: an illegal instruction was encountered
2025-06-17 22:26:03.599112: E external/xla/xla/stream_executor/cuda/cuda_driver.cc:1486] failed to unload module 0x55c62f50a120; leaking: CUDA_ERROR_ILLEGAL_INSTRUCTION: an illegal instruction was encountered
2025-06-17 22:26:03.599439: E external/xla/xla/stream_executor/cuda/cuda_driver.cc:1486] failed to unload module 0x55c62f4fb4d0; leaking: CUDA_ERROR_ILLEGAL_INSTRUCTION: an illegal instruction was encountered
2025-06-17 22:26:03.600153: E external/xla/xla/stream_executor/cuda/cuda_driver.cc:1486] failed to unload module 0x55c62e898970; leaking: CUDA_ERROR_ILLEGAL_INSTRUCTION: an illegal instruction was encountered
2025-06-17 22:26:03.600436: E external/xla/xla/stream_executor/cuda/cuda_driver.cc:1486] failed to unload module 0x55c62f8973f0; leaking: CUDA_ERROR_ILLEGAL_INSTRUCTION: an illegal instruction was encountered
2025-06-17 22:26:03.601097: E external/xla/xla/stream_executor/cuda/cuda_driver.cc:1486] failed to unload module 0x55c62fb44f00; leaking: CUDA_ERROR_ILLEGAL_INSTRUCTION: an illegal instruction was encountered
2025-06-17 22:26:03.601709: E external/xla/xla/stream_executor/cuda/cuda_driver.cc:1486] failed to unload module 0x55c62e655700; leaking: CUDA_ERROR_ILLEGAL_INSTRUCTION: an illegal instruction was encountered
2025-06-17 22:26:03.602181: E external/xla/xla/stream_executor/cuda/cuda_driver.cc:1486] failed to unload module 0x55c62bc1b500; leaking: CUDA_ERROR_ILLEGAL_INSTRUCTION: an illegal instruction was encountered
2025-06-17 22:26:03.603220: E external/xla/xla/stream_executor/cuda/cuda_driver.cc:1486] failed to unload module 0x55c62e509680; leaking: CUDA_ERROR_ILLEGAL_INSTRUCTION: an illegal instruction was encountered
2025-06-17 22:26:03.603579: E external/xla/xla/stream_executor/cuda/cuda_driver.cc:1486] failed to unload module 0x55c62ffc0af0; leaking: CUDA_ERROR_ILLEGAL_INSTRUCTION: an illegal instruction was encountered
2025-06-17 22:26:03.604135: E external/xla/xla/stream_executor/cuda/cuda_driver.cc:1486] failed to unload module 0x55c630078ce0; leaking: CUDA_ERROR_ILLEGAL_INSTRUCTION: an illegal instruction was encountered
2025-06-17 22:26:03.604773: E external/xla/xla/stream_executor/cuda/cuda_driver.cc:1486] failed to unload module 0x55c62fe1a340; leaking: CUDA_ERROR_ILLEGAL_INSTRUCTION: an illegal instruction was encountered
2025-06-17 22:26:03.605449: E external/xla/xla/stream_executor/cuda/cuda_driver.cc:1486] failed to unload module 0x55c6303b13d0; leaking: CUDA_ERROR_ILLEGAL_INSTRUCTION: an illegal instruction was encountered
2025-06-17 22:26:03.606031: E external/xla/xla/stream_executor/cuda/cuda_driver.cc:1486] failed to unload module 0x55c63045e390; leaking: CUDA_ERROR_ILLEGAL_INSTRUCTION: an illegal instruction was encountered
2025-06-17 22:26:03.606541: E external/xla/xla/stream_executor/cuda/cuda_driver.cc:1486] failed to unload module 0x55c630527870; leaking: CUDA_ERROR_ILLEGAL_INSTRUCTION: an illegal instruction was encountered
2025-06-17 22:26:03.607137: E external/xla/xla/stream_executor/cuda/cuda_driver.cc:1486] failed to unload module 0x55c62fd47e80; leaking: CUDA_ERROR_ILLEGAL_INSTRUCTION: an illegal instruction was encountered
2025-06-17 22:26:03.607730: E external/xla/xla/stream_executor/cuda/cuda_driver.cc:1486] failed to unload module 0x55c6306de4e0; leaking: CUDA_ERROR_ILLEGAL_INSTRUCTION: an illegal instruction was encountered
2025-06-17 22:26:03.608411: E external/xla/xla/stream_executor/cuda/cuda_driver.cc:1486] failed to unload module 0x55c62c2307b0; leaking: CUDA_ERROR_ILLEGAL_INSTRUCTION: an illegal instruction was encountered
2025-06-17 22:26:03.609315: E external/xla/xla/stream_executor/cuda/cuda_driver.cc:1486] failed to unload module 0x55c62be06590; leaking: CUDA_ERROR_ILLEGAL_INSTRUCTION: an illegal instruction was encountered
2025-06-17 22:26:03.609674: E external/xla/xla/stream_executor/cuda/cuda_driver.cc:1486] failed to unload module 0x55c62c4a2070; leaking: CUDA_ERROR_ILLEGAL_INSTRUCTION: an illegal instruction was encountered
2025-06-17 22:26:03.609814: E external/xla/xla/stream_executor/cuda/cuda_driver.cc:1486] failed to unload module 0x55c62ebf45c0; leaking: CUDA_ERROR_ILLEGAL_INSTRUCTION: an illegal instruction was encountered
2025-06-17 22:26:03.610225: E external/xla/xla/stream_executor/cuda/cuda_driver.cc:1486] failed to unload module 0x55c6305f7440; leaking: CUDA_ERROR_ILLEGAL_INSTRUCTION: an illegal instruction was encountered
2025-06-17 22:26:03.610705: E external/xla/xla/stream_executor/cuda/cuda_driver.cc:1486] failed to unload module 0x55c62bb1f3d0; leaking: CUDA_ERROR_ILLEGAL_INSTRUCTION: an illegal instruction was encountered
2025-06-17 22:26:03.667345: E external/xla/xla/stream_executor/cuda/cuda_driver.cc:1486] failed to unload module 0x55c62c1eb480; leaking: CUDA_ERROR_ILLEGAL_INSTRUCTION: an illegal instruction was encountered
2025-06-17 22:26:03.668242: E external/xla/xla/stream_executor/cuda/cuda_driver.cc:1486] failed to unload module 0x55c62febf200; leaking: CUDA_ERROR_ILLEGAL_INSTRUCTION: an illegal instruction was encountered
2025-06-17 22:26:03.671714: E external/xla/xla/stream_executor/cuda/cuda_driver.cc:1486] failed to unload module 0x55c62f7c9c20; leaking: CUDA_ERROR_ILLEGAL_INSTRUCTION: an illegal instruction was encountered
2025-06-17 22:26:03.671892: E external/xla/xla/stream_executor/cuda/cuda_driver.cc:1486] failed to unload module 0x55c62ec68ec0; leaking: CUDA_ERROR_ILLEGAL_INSTRUCTION: an illegal instruction was encountered
2025-06-17 22:26:03.672094: E external/xla/xla/stream_executor/cuda/cuda_driver.cc:1486] failed to unload module 0x55c62bdbab00; leaking: CUDA_ERROR_ILLEGAL_INSTRUCTION: an illegal instruction was encountered
