mkdir: cannot create directory ‘runs/softmaxonly_40fullrun’: File exists
mkdir: cannot create directory ‘runs/softmaxonly_40fullrun/pickles’: File exists
2025-06-17 22:11:24.993872: E external/xla/xla/stream_executor/stream.cc:332] Error recording event in stream: Error recording CUDA event: CUDA_ERROR_ILLEGAL_INSTRUCTION: an illegal instruction was encountered; not marking stream as bad, as the Event object may be at fault. Monitor for further errors.
2025-06-17 22:11:24.994581: E external/xla/xla/stream_executor/cuda/cuda_executor.cc:810] failed to record completion event; therefore, failed to create inter-stream dependency
2025-06-17 22:11:24.994600: E external/xla/xla/stream_executor/cuda/cuda_driver.cc:1872] could not wait stream on event: CUDA_ERROR_ILLEGAL_INSTRUCTION: an illegal instruction was encountered
2025-06-17 22:11:24.994626: E external/xla/xla/stream_executor/cuda/cuda_driver.cc:1437] unable to add host callback: CUDA_ERROR_ILLEGAL_INSTRUCTION: an illegal instruction was encountered
2025-06-17 22:11:24.994640: E external/xla/xla/stream_executor/stream.cc:928] Error waiting for event in stream: error recording waiting for CUDA event on stream 0x55894fc170e0; not marking stream as bad, as the Event object may be at fault. Monitor for further errors.
2025-06-17 22:11:24.994649: E external/xla/xla/stream_executor/cuda/cuda_driver.cc:1872] could not wait stream on event: CUDA_ERROR_ILLEGAL_INSTRUCTION: an illegal instruction was encountered
2025-06-17 22:11:24.994656: E external/xla/xla/stream_executor/stream.cc:928] Error waiting for event in stream: error recording waiting for CUDA event on stream 0x55894fc170e0; not marking stream as bad, as the Event object may be at fault. Monitor for further errors.
2025-06-17 22:11:24.994763: W external/xla/xla/service/gpu/runtime/support.cc:58] Intercepted XLA runtime error:
INTERNAL: CaptureGpuGraph failed (<no details>): INTERNAL: Failed to begin stream capture: CUDA_ERROR_ILLEGAL_INSTRUCTION: an illegal instruction was encountered
2025-06-17 22:11:24.994793: E external/xla/xla/pjrt/pjrt_stream_executor_client.cc:2732] Execution of replica 0 failed: INTERNAL: Failed to execute XLA Runtime executable: run time error: custom call 'xla.gpu.graph.launch' failed: CaptureGpuGraph failed (<no details>): INTERNAL: Failed to begin stream capture: CUDA_ERROR_ILLEGAL_INSTRUCTION: an illegal instruction was encountered; current tracing scope: cuda_graph/xla.gpu.graph.capture; current profiling annotation: XlaModule:#prefix=jit(train_step)/jit(main),hlo_module=jit_train_step,program_id=178#.
Traceback (most recent call last):
  File "/n/netscratch/pehlevan_lab/Lab/ml/ICL-structured-data/NONLINEAR/experiment/remote/kappasweep_neurips/kappasweep.py", line 43, in <module>
    state, hist = train(config, data_iter=iter(trainobject), test_1_iter=iter(testobject_1), test_2_iter=iter(testobject_2), batch_size=16, loss='mse', test_every=100, train_iters=1000, optim=optax.adamw,lr=1e-4)
                  ^^^^^^^^^^^^^^^^^^^^^^^^^^^^^^^^^^^^^^^^^^^^^^^^^^^^^^^^^^^^^^^^^^^^^^^^^^^^^^^^^^^^^^^^^^^^^^^^^^^^^^^^^^^^^^^^^^^^^^^^^^^^^^^^^^^^^^^^^^^^^^^^^^^^^^^^^^^^^^^^^^^^^^^^^^^^^^^^^^^^^^^^^^^^^^^^^^
  File "/n/netscratch/pehlevan_lab/Lab/ml/ICL-structured-data/NONLINEAR/experiment/remote/kappasweep_neurips/../../../trainmini.py", line 186, in train
    state = train_step(state, minibatchi, loss=loss, l1_weight=l1_weight, l2_weight=l2_weight)
            ^^^^^^^^^^^^^^^^^^^^^^^^^^^^^^^^^^^^^^^^^^^^^^^^^^^^^^^^^^^^^^^^^^^^^^^^^^^^^^^^^^
ValueError: INTERNAL: Failed to execute XLA Runtime executable: run time error: custom call 'xla.gpu.graph.launch' failed: CaptureGpuGraph failed (<no details>): INTERNAL: Failed to begin stream capture: CUDA_ERROR_ILLEGAL_INSTRUCTION: an illegal instruction was encountered; current tracing scope: cuda_graph/xla.gpu.graph.capture; current profiling annotation: XlaModule:#prefix=jit(train_step)/jit(main),hlo_module=jit_train_step,program_id=178#.
2025-06-17 22:11:25.142640: E external/xla/xla/stream_executor/cuda/cuda_driver.cc:1486] failed to unload module 0x558950839e40; leaking: CUDA_ERROR_ILLEGAL_INSTRUCTION: an illegal instruction was encountered
2025-06-17 22:11:25.143732: E external/xla/xla/stream_executor/cuda/cuda_driver.cc:1486] failed to unload module 0x558950896960; leaking: CUDA_ERROR_ILLEGAL_INSTRUCTION: an illegal instruction was encountered
2025-06-17 22:11:25.145676: E external/xla/xla/stream_executor/cuda/cuda_driver.cc:1486] failed to unload module 0x558953a768b0; leaking: CUDA_ERROR_ILLEGAL_INSTRUCTION: an illegal instruction was encountered
2025-06-17 22:11:25.146542: E external/xla/xla/stream_executor/cuda/cuda_driver.cc:1486] failed to unload module 0x55895391b330; leaking: CUDA_ERROR_ILLEGAL_INSTRUCTION: an illegal instruction was encountered
2025-06-17 22:11:25.147876: E external/xla/xla/stream_executor/cuda/cuda_driver.cc:1486] failed to unload module 0x558953e4bc80; leaking: CUDA_ERROR_ILLEGAL_INSTRUCTION: an illegal instruction was encountered
2025-06-17 22:11:25.148667: E external/xla/xla/stream_executor/cuda/cuda_driver.cc:1486] failed to unload module 0x558953b47d10; leaking: CUDA_ERROR_ILLEGAL_INSTRUCTION: an illegal instruction was encountered
2025-06-17 22:11:25.149553: E external/xla/xla/stream_executor/cuda/cuda_driver.cc:1486] failed to unload module 0x558954259950; leaking: CUDA_ERROR_ILLEGAL_INSTRUCTION: an illegal instruction was encountered
2025-06-17 22:11:25.150406: E external/xla/xla/stream_executor/cuda/cuda_driver.cc:1486] failed to unload module 0x558953dd1c30; leaking: CUDA_ERROR_ILLEGAL_INSTRUCTION: an illegal instruction was encountered
2025-06-17 22:11:25.151848: E external/xla/xla/stream_executor/cuda/cuda_driver.cc:1486] failed to unload module 0x558953292ef0; leaking: CUDA_ERROR_ILLEGAL_INSTRUCTION: an illegal instruction was encountered
2025-06-17 22:11:25.152436: E external/xla/xla/stream_executor/cuda/cuda_driver.cc:1486] failed to unload module 0x55895335eeb0; leaking: CUDA_ERROR_ILLEGAL_INSTRUCTION: an illegal instruction was encountered
2025-06-17 22:11:25.152945: E external/xla/xla/stream_executor/cuda/cuda_driver.cc:1486] failed to unload module 0x5589533fe4c0; leaking: CUDA_ERROR_ILLEGAL_INSTRUCTION: an illegal instruction was encountered
2025-06-17 22:11:25.153557: E external/xla/xla/stream_executor/cuda/cuda_driver.cc:1486] failed to unload module 0x558953371860; leaking: CUDA_ERROR_ILLEGAL_INSTRUCTION: an illegal instruction was encountered
2025-06-17 22:11:25.154138: E external/xla/xla/stream_executor/cuda/cuda_driver.cc:1486] failed to unload module 0x55895371d2d0; leaking: CUDA_ERROR_ILLEGAL_INSTRUCTION: an illegal instruction was encountered
2025-06-17 22:11:25.154630: E external/xla/xla/stream_executor/cuda/cuda_driver.cc:1486] failed to unload module 0x558953568050; leaking: CUDA_ERROR_ILLEGAL_INSTRUCTION: an illegal instruction was encountered
2025-06-17 22:11:25.155454: E external/xla/xla/stream_executor/cuda/cuda_driver.cc:1486] failed to unload module 0x55895425f320; leaking: CUDA_ERROR_ILLEGAL_INSTRUCTION: an illegal instruction was encountered
2025-06-17 22:11:25.155778: E external/xla/xla/stream_executor/cuda/cuda_driver.cc:1486] failed to unload module 0x558954104fd0; leaking: CUDA_ERROR_ILLEGAL_INSTRUCTION: an illegal instruction was encountered
2025-06-17 22:11:25.156467: E external/xla/xla/stream_executor/cuda/cuda_driver.cc:1486] failed to unload module 0x5589534a2ea0; leaking: CUDA_ERROR_ILLEGAL_INSTRUCTION: an illegal instruction was encountered
2025-06-17 22:11:25.156758: E external/xla/xla/stream_executor/cuda/cuda_driver.cc:1486] failed to unload module 0x5589543c0b60; leaking: CUDA_ERROR_ILLEGAL_INSTRUCTION: an illegal instruction was encountered
2025-06-17 22:11:25.157387: E external/xla/xla/stream_executor/cuda/cuda_driver.cc:1486] failed to unload module 0x5589546714b0; leaking: CUDA_ERROR_ILLEGAL_INSTRUCTION: an illegal instruction was encountered
2025-06-17 22:11:25.157990: E external/xla/xla/stream_executor/cuda/cuda_driver.cc:1486] failed to unload module 0x558953145f70; leaking: CUDA_ERROR_ILLEGAL_INSTRUCTION: an illegal instruction was encountered
2025-06-17 22:11:25.158479: E external/xla/xla/stream_executor/cuda/cuda_driver.cc:1486] failed to unload module 0x5589507ecff0; leaking: CUDA_ERROR_ILLEGAL_INSTRUCTION: an illegal instruction was encountered
2025-06-17 22:11:25.159480: E external/xla/xla/stream_executor/cuda/cuda_driver.cc:1486] failed to unload module 0x55895312c5c0; leaking: CUDA_ERROR_ILLEGAL_INSTRUCTION: an illegal instruction was encountered
2025-06-17 22:11:25.159841: E external/xla/xla/stream_executor/cuda/cuda_driver.cc:1486] failed to unload module 0x558954c0c5f0; leaking: CUDA_ERROR_ILLEGAL_INSTRUCTION: an illegal instruction was encountered
2025-06-17 22:11:25.160358: E external/xla/xla/stream_executor/cuda/cuda_driver.cc:1486] failed to unload module 0x558954affde0; leaking: CUDA_ERROR_ILLEGAL_INSTRUCTION: an illegal instruction was encountered
2025-06-17 22:11:25.160989: E external/xla/xla/stream_executor/cuda/cuda_driver.cc:1486] failed to unload module 0x558954c423b0; leaking: CUDA_ERROR_ILLEGAL_INSTRUCTION: an illegal instruction was encountered
2025-06-17 22:11:25.161658: E external/xla/xla/stream_executor/cuda/cuda_driver.cc:1486] failed to unload module 0x558954fd5de0; leaking: CUDA_ERROR_ILLEGAL_INSTRUCTION: an illegal instruction was encountered
2025-06-17 22:11:25.162249: E external/xla/xla/stream_executor/cuda/cuda_driver.cc:1486] failed to unload module 0x558954f85e90; leaking: CUDA_ERROR_ILLEGAL_INSTRUCTION: an illegal instruction was encountered
2025-06-17 22:11:25.162755: E external/xla/xla/stream_executor/cuda/cuda_driver.cc:1486] failed to unload module 0x5589551758e0; leaking: CUDA_ERROR_ILLEGAL_INSTRUCTION: an illegal instruction was encountered
2025-06-17 22:11:25.163363: E external/xla/xla/stream_executor/cuda/cuda_driver.cc:1486] failed to unload module 0x55895493f990; leaking: CUDA_ERROR_ILLEGAL_INSTRUCTION: an illegal instruction was encountered
2025-06-17 22:11:25.163969: E external/xla/xla/stream_executor/cuda/cuda_driver.cc:1486] failed to unload module 0x5589552d4620; leaking: CUDA_ERROR_ILLEGAL_INSTRUCTION: an illegal instruction was encountered
2025-06-17 22:11:25.164656: E external/xla/xla/stream_executor/cuda/cuda_driver.cc:1486] failed to unload module 0x558950c827e0; leaking: CUDA_ERROR_ILLEGAL_INSTRUCTION: an illegal instruction was encountered
2025-06-17 22:11:25.165568: E external/xla/xla/stream_executor/cuda/cuda_driver.cc:1486] failed to unload module 0x558950ac0de0; leaking: CUDA_ERROR_ILLEGAL_INSTRUCTION: an illegal instruction was encountered
2025-06-17 22:11:25.165949: E external/xla/xla/stream_executor/cuda/cuda_driver.cc:1486] failed to unload module 0x5589537c2cf0; leaking: CUDA_ERROR_ILLEGAL_INSTRUCTION: an illegal instruction was encountered
2025-06-17 22:11:25.166086: E external/xla/xla/stream_executor/cuda/cuda_driver.cc:1486] failed to unload module 0x55895115ea80; leaking: CUDA_ERROR_ILLEGAL_INSTRUCTION: an illegal instruction was encountered
2025-06-17 22:11:25.166533: E external/xla/xla/stream_executor/cuda/cuda_driver.cc:1486] failed to unload module 0x55895520ddd0; leaking: CUDA_ERROR_ILLEGAL_INSTRUCTION: an illegal instruction was encountered
2025-06-17 22:11:25.167012: E external/xla/xla/stream_executor/cuda/cuda_driver.cc:1486] failed to unload module 0x55895072f270; leaking: CUDA_ERROR_ILLEGAL_INSTRUCTION: an illegal instruction was encountered
2025-06-17 22:11:25.220690: E external/xla/xla/stream_executor/cuda/cuda_driver.cc:1486] failed to unload module 0x558950ee5b30; leaking: CUDA_ERROR_ILLEGAL_INSTRUCTION: an illegal instruction was encountered
2025-06-17 22:11:25.221478: E external/xla/xla/stream_executor/cuda/cuda_driver.cc:1486] failed to unload module 0x5589548f10a0; leaking: CUDA_ERROR_ILLEGAL_INSTRUCTION: an illegal instruction was encountered
2025-06-17 22:11:25.224988: E external/xla/xla/stream_executor/cuda/cuda_driver.cc:1486] failed to unload module 0x5589543ee6a0; leaking: CUDA_ERROR_ILLEGAL_INSTRUCTION: an illegal instruction was encountered
2025-06-17 22:11:25.225160: E external/xla/xla/stream_executor/cuda/cuda_driver.cc:1486] failed to unload module 0x558953a0da20; leaking: CUDA_ERROR_ILLEGAL_INSTRUCTION: an illegal instruction was encountered
2025-06-17 22:11:25.225363: E external/xla/xla/stream_executor/cuda/cuda_driver.cc:1486] failed to unload module 0x558950ac0bd0; leaking: CUDA_ERROR_ILLEGAL_INSTRUCTION: an illegal instruction was encountered
