mkdir: cannot create directory ‘runs/softmaxonly_40fullrun’: File exists
mkdir: cannot create directory ‘runs/softmaxonly_40fullrun/pickles’: File exists
2025-06-17 22:07:23.936930: E external/xla/xla/stream_executor/stream.cc:332] Error recording event in stream: Error recording CUDA event: CUDA_ERROR_ILLEGAL_INSTRUCTION: an illegal instruction was encountered; not marking stream as bad, as the Event object may be at fault. Monitor for further errors.
2025-06-17 22:07:23.937409: E external/xla/xla/stream_executor/cuda/cuda_executor.cc:810] failed to record completion event; therefore, failed to create inter-stream dependency
2025-06-17 22:07:23.937419: E external/xla/xla/stream_executor/cuda/cuda_driver.cc:1872] could not wait stream on event: CUDA_ERROR_ILLEGAL_INSTRUCTION: an illegal instruction was encountered
2025-06-17 22:07:23.937444: E external/xla/xla/stream_executor/cuda/cuda_driver.cc:1437] unable to add host callback: CUDA_ERROR_ILLEGAL_INSTRUCTION: an illegal instruction was encountered
2025-06-17 22:07:23.937456: E external/xla/xla/stream_executor/stream.cc:928] Error waiting for event in stream: error recording waiting for CUDA event on stream 0x5642cd6eacd0; not marking stream as bad, as the Event object may be at fault. Monitor for further errors.
2025-06-17 22:07:23.937564: W external/xla/xla/service/gpu/runtime/support.cc:58] Intercepted XLA runtime error:
INTERNAL: CaptureGpuGraph failed (<no details>): INTERNAL: Failed to begin stream capture: CUDA_ERROR_ILLEGAL_INSTRUCTION: an illegal instruction was encountered
2025-06-17 22:07:23.937595: E external/xla/xla/pjrt/pjrt_stream_executor_client.cc:2732] Execution of replica 0 failed: INTERNAL: Failed to execute XLA Runtime executable: run time error: custom call 'xla.gpu.graph.launch' failed: CaptureGpuGraph failed (<no details>): INTERNAL: Failed to begin stream capture: CUDA_ERROR_ILLEGAL_INSTRUCTION: an illegal instruction was encountered; current tracing scope: cuda_graph/xla.gpu.graph.capture; current profiling annotation: XlaModule:#prefix=jit(train_step)/jit(main),hlo_module=jit_train_step,program_id=61#.
Traceback (most recent call last):
  File "/n/netscratch/pehlevan_lab/Lab/ml/ICL-structured-data/NONLINEAR/experiment/remote/kappasweep_neurips/kappasweep.py", line 43, in <module>
    state, hist = train(config, data_iter=iter(trainobject), test_1_iter=iter(testobject_1), test_2_iter=iter(testobject_2), batch_size=16, loss='mse', test_every=100, train_iters=1000, optim=optax.adamw,lr=1e-4)
                  ^^^^^^^^^^^^^^^^^^^^^^^^^^^^^^^^^^^^^^^^^^^^^^^^^^^^^^^^^^^^^^^^^^^^^^^^^^^^^^^^^^^^^^^^^^^^^^^^^^^^^^^^^^^^^^^^^^^^^^^^^^^^^^^^^^^^^^^^^^^^^^^^^^^^^^^^^^^^^^^^^^^^^^^^^^^^^^^^^^^^^^^^^^^^^^^^^^
  File "/n/netscratch/pehlevan_lab/Lab/ml/ICL-structured-data/NONLINEAR/experiment/remote/kappasweep_neurips/../../../trainmini.py", line 186, in train
    state = train_step(state, minibatchi, loss=loss, l1_weight=l1_weight, l2_weight=l2_weight)
            ^^^^^^^^^^^^^^^^^^^^^^^^^^^^^^^^^^^^^^^^^^^^^^^^^^^^^^^^^^^^^^^^^^^^^^^^^^^^^^^^^^
ValueError: INTERNAL: Failed to execute XLA Runtime executable: run time error: custom call 'xla.gpu.graph.launch' failed: CaptureGpuGraph failed (<no details>): INTERNAL: Failed to begin stream capture: CUDA_ERROR_ILLEGAL_INSTRUCTION: an illegal instruction was encountered; current tracing scope: cuda_graph/xla.gpu.graph.capture; current profiling annotation: XlaModule:#prefix=jit(train_step)/jit(main),hlo_module=jit_train_step,program_id=61#.
2025-06-17 22:07:24.076118: E external/xla/xla/stream_executor/cuda/cuda_driver.cc:1486] failed to unload module 0x5642ce3106a0; leaking: CUDA_ERROR_ILLEGAL_INSTRUCTION: an illegal instruction was encountered
2025-06-17 22:07:24.077035: E external/xla/xla/stream_executor/cuda/cuda_driver.cc:1486] failed to unload module 0x5642ce321060; leaking: CUDA_ERROR_ILLEGAL_INSTRUCTION: an illegal instruction was encountered
2025-06-17 22:07:24.078814: E external/xla/xla/stream_executor/cuda/cuda_driver.cc:1486] failed to unload module 0x5642d1543080; leaking: CUDA_ERROR_ILLEGAL_INSTRUCTION: an illegal instruction was encountered
2025-06-17 22:07:24.079591: E external/xla/xla/stream_executor/cuda/cuda_driver.cc:1486] failed to unload module 0x5642d1386bc0; leaking: CUDA_ERROR_ILLEGAL_INSTRUCTION: an illegal instruction was encountered
2025-06-17 22:07:24.080798: E external/xla/xla/stream_executor/cuda/cuda_driver.cc:1486] failed to unload module 0x5642d19f35c0; leaking: CUDA_ERROR_ILLEGAL_INSTRUCTION: an illegal instruction was encountered
2025-06-17 22:07:24.081498: E external/xla/xla/stream_executor/cuda/cuda_driver.cc:1486] failed to unload module 0x5642d16f8620; leaking: CUDA_ERROR_ILLEGAL_INSTRUCTION: an illegal instruction was encountered
2025-06-17 22:07:24.082237: E external/xla/xla/stream_executor/cuda/cuda_driver.cc:1486] failed to unload module 0x5642d1ca5c50; leaking: CUDA_ERROR_ILLEGAL_INSTRUCTION: an illegal instruction was encountered
2025-06-17 22:07:24.083077: E external/xla/xla/stream_executor/cuda/cuda_driver.cc:1486] failed to unload module 0x5642d1873df0; leaking: CUDA_ERROR_ILLEGAL_INSTRUCTION: an illegal instruction was encountered
2025-06-17 22:07:24.084445: E external/xla/xla/stream_executor/cuda/cuda_driver.cc:1486] failed to unload module 0x5642d0d61d50; leaking: CUDA_ERROR_ILLEGAL_INSTRUCTION: an illegal instruction was encountered
2025-06-17 22:07:24.085009: E external/xla/xla/stream_executor/cuda/cuda_driver.cc:1486] failed to unload module 0x5642d0e28f50; leaking: CUDA_ERROR_ILLEGAL_INSTRUCTION: an illegal instruction was encountered
2025-06-17 22:07:24.085534: E external/xla/xla/stream_executor/cuda/cuda_driver.cc:1486] failed to unload module 0x5642d0ed1660; leaking: CUDA_ERROR_ILLEGAL_INSTRUCTION: an illegal instruction was encountered
2025-06-17 22:07:24.086073: E external/xla/xla/stream_executor/cuda/cuda_driver.cc:1486] failed to unload module 0x5642d1047aa0; leaking: CUDA_ERROR_ILLEGAL_INSTRUCTION: an illegal instruction was encountered
2025-06-17 22:07:24.086633: E external/xla/xla/stream_executor/cuda/cuda_driver.cc:1486] failed to unload module 0x5642d11f4950; leaking: CUDA_ERROR_ILLEGAL_INSTRUCTION: an illegal instruction was encountered
2025-06-17 22:07:24.087115: E external/xla/xla/stream_executor/cuda/cuda_driver.cc:1486] failed to unload module 0x5642d119f760; leaking: CUDA_ERROR_ILLEGAL_INSTRUCTION: an illegal instruction was encountered
2025-06-17 22:07:24.087833: E external/xla/xla/stream_executor/cuda/cuda_driver.cc:1486] failed to unload module 0x5642d1c5ced0; leaking: CUDA_ERROR_ILLEGAL_INSTRUCTION: an illegal instruction was encountered
2025-06-17 22:07:24.088128: E external/xla/xla/stream_executor/cuda/cuda_driver.cc:1486] failed to unload module 0x5642d1e76cb0; leaking: CUDA_ERROR_ILLEGAL_INSTRUCTION: an illegal instruction was encountered
2025-06-17 22:07:24.088821: E external/xla/xla/stream_executor/cuda/cuda_driver.cc:1486] failed to unload module 0x5642d0f70be0; leaking: CUDA_ERROR_ILLEGAL_INSTRUCTION: an illegal instruction was encountered
2025-06-17 22:07:24.089078: E external/xla/xla/stream_executor/cuda/cuda_driver.cc:1486] failed to unload module 0x5642d1f3e7b0; leaking: CUDA_ERROR_ILLEGAL_INSTRUCTION: an illegal instruction was encountered
2025-06-17 22:07:24.089645: E external/xla/xla/stream_executor/cuda/cuda_driver.cc:1486] failed to unload module 0x5642d20be100; leaking: CUDA_ERROR_ILLEGAL_INSTRUCTION: an illegal instruction was encountered
2025-06-17 22:07:24.090235: E external/xla/xla/stream_executor/cuda/cuda_driver.cc:1486] failed to unload module 0x5642d0c99e40; leaking: CUDA_ERROR_ILLEGAL_INSTRUCTION: an illegal instruction was encountered
2025-06-17 22:07:24.090684: E external/xla/xla/stream_executor/cuda/cuda_driver.cc:1486] failed to unload module 0x5642ce2fce00; leaking: CUDA_ERROR_ILLEGAL_INSTRUCTION: an illegal instruction was encountered
2025-06-17 22:07:24.091578: E external/xla/xla/stream_executor/cuda/cuda_driver.cc:1486] failed to unload module 0x5642d0bf9010; leaking: CUDA_ERROR_ILLEGAL_INSTRUCTION: an illegal instruction was encountered
2025-06-17 22:07:24.091958: E external/xla/xla/stream_executor/cuda/cuda_driver.cc:1486] failed to unload module 0x5642d2652ef0; leaking: CUDA_ERROR_ILLEGAL_INSTRUCTION: an illegal instruction was encountered
2025-06-17 22:07:24.092461: E external/xla/xla/stream_executor/cuda/cuda_driver.cc:1486] failed to unload module 0x5642d27b6cd0; leaking: CUDA_ERROR_ILLEGAL_INSTRUCTION: an illegal instruction was encountered
2025-06-17 22:07:24.093063: E external/xla/xla/stream_executor/cuda/cuda_driver.cc:1486] failed to unload module 0x5642d2885920; leaking: CUDA_ERROR_ILLEGAL_INSTRUCTION: an illegal instruction was encountered
2025-06-17 22:07:24.093715: E external/xla/xla/stream_executor/cuda/cuda_driver.cc:1486] failed to unload module 0x5642d2a5e800; leaking: CUDA_ERROR_ILLEGAL_INSTRUCTION: an illegal instruction was encountered
2025-06-17 22:07:24.094214: E external/xla/xla/stream_executor/cuda/cuda_driver.cc:1486] failed to unload module 0x5642d2aef7a0; leaking: CUDA_ERROR_ILLEGAL_INSTRUCTION: an illegal instruction was encountered
2025-06-17 22:07:24.094683: E external/xla/xla/stream_executor/cuda/cuda_driver.cc:1486] failed to unload module 0x5642d2b073d0; leaking: CUDA_ERROR_ILLEGAL_INSTRUCTION: an illegal instruction was encountered
2025-06-17 22:07:24.095231: E external/xla/xla/stream_executor/cuda/cuda_driver.cc:1486] failed to unload module 0x5642d237bc10; leaking: CUDA_ERROR_ILLEGAL_INSTRUCTION: an illegal instruction was encountered
2025-06-17 22:07:24.095734: E external/xla/xla/stream_executor/cuda/cuda_driver.cc:1486] failed to unload module 0x5642d2bd98c0; leaking: CUDA_ERROR_ILLEGAL_INSTRUCTION: an illegal instruction was encountered
2025-06-17 22:07:24.096359: E external/xla/xla/stream_executor/cuda/cuda_driver.cc:1486] failed to unload module 0x5642ce782ae0; leaking: CUDA_ERROR_ILLEGAL_INSTRUCTION: an illegal instruction was encountered
2025-06-17 22:07:24.097218: E external/xla/xla/stream_executor/cuda/cuda_driver.cc:1486] failed to unload module 0x5642ce9b3520; leaking: CUDA_ERROR_ILLEGAL_INSTRUCTION: an illegal instruction was encountered
2025-06-17 22:07:24.097545: E external/xla/xla/stream_executor/cuda/cuda_driver.cc:1486] failed to unload module 0x5642d131cb70; leaking: CUDA_ERROR_ILLEGAL_INSTRUCTION: an illegal instruction was encountered
2025-06-17 22:07:24.097676: E external/xla/xla/stream_executor/cuda/cuda_driver.cc:1486] failed to unload module 0x5642ce4d30a0; leaking: CUDA_ERROR_ILLEGAL_INSTRUCTION: an illegal instruction was encountered
2025-06-17 22:07:24.098121: E external/xla/xla/stream_executor/cuda/cuda_driver.cc:1486] failed to unload module 0x5642d2d150b0; leaking: CUDA_ERROR_ILLEGAL_INSTRUCTION: an illegal instruction was encountered
2025-06-17 22:07:24.098572: E external/xla/xla/stream_executor/cuda/cuda_driver.cc:1486] failed to unload module 0x5642ce200460; leaking: CUDA_ERROR_ILLEGAL_INSTRUCTION: an illegal instruction was encountered
2025-06-17 22:07:24.153755: E external/xla/xla/stream_executor/cuda/cuda_driver.cc:1486] failed to unload module 0x5642d22c2590; leaking: CUDA_ERROR_ILLEGAL_INSTRUCTION: an illegal instruction was encountered
2025-06-17 22:07:24.154517: E external/xla/xla/stream_executor/cuda/cuda_driver.cc:1486] failed to unload module 0x5642ce91b070; leaking: CUDA_ERROR_ILLEGAL_INSTRUCTION: an illegal instruction was encountered
2025-06-17 22:07:24.157824: E external/xla/xla/stream_executor/cuda/cuda_driver.cc:1486] failed to unload module 0x5642d1e85c90; leaking: CUDA_ERROR_ILLEGAL_INSTRUCTION: an illegal instruction was encountered
2025-06-17 22:07:24.157994: E external/xla/xla/stream_executor/cuda/cuda_driver.cc:1486] failed to unload module 0x5642ce4c01c0; leaking: CUDA_ERROR_ILLEGAL_INSTRUCTION: an illegal instruction was encountered
2025-06-17 22:07:24.158166: E external/xla/xla/stream_executor/cuda/cuda_driver.cc:1486] failed to unload module 0x5642d1411e20; leaking: CUDA_ERROR_ILLEGAL_INSTRUCTION: an illegal instruction was encountered
2025-06-17 22:07:24.158433: E external/xla/xla/stream_executor/cuda/cuda_driver.cc:1486] failed to unload module 0x5642d17147d0; leaking: CUDA_ERROR_ILLEGAL_INSTRUCTION: an illegal instruction was encountered
