mkdir: cannot create directory ‘runs/softmaxonly_40fullrun’: File exists
mkdir: cannot create directory ‘runs/softmaxonly_40fullrun/pickles’: File exists
2025-06-17 22:22:20.331261: E external/xla/xla/stream_executor/stream.cc:332] Error recording event in stream: Error recording CUDA event: CUDA_ERROR_ILLEGAL_INSTRUCTION: an illegal instruction was encountered; not marking stream as bad, as the Event object may be at fault. Monitor for further errors.
2025-06-17 22:22:20.331865: E external/xla/xla/stream_executor/cuda/cuda_executor.cc:810] failed to record completion event; therefore, failed to create inter-stream dependency
2025-06-17 22:22:20.331878: E external/xla/xla/stream_executor/cuda/cuda_driver.cc:1872] could not wait stream on event: CUDA_ERROR_ILLEGAL_INSTRUCTION: an illegal instruction was encountered
2025-06-17 22:22:20.331905: E external/xla/xla/stream_executor/cuda/cuda_driver.cc:1437] unable to add host callback: CUDA_ERROR_ILLEGAL_INSTRUCTION: an illegal instruction was encountered
2025-06-17 22:22:20.331919: E external/xla/xla/stream_executor/stream.cc:928] Error waiting for event in stream: error recording waiting for CUDA event on stream 0x562db5e5d500; not marking stream as bad, as the Event object may be at fault. Monitor for further errors.
2025-06-17 22:22:20.331928: E external/xla/xla/stream_executor/cuda/cuda_driver.cc:1872] could not wait stream on event: CUDA_ERROR_ILLEGAL_INSTRUCTION: an illegal instruction was encountered
2025-06-17 22:22:20.331935: E external/xla/xla/stream_executor/stream.cc:928] Error waiting for event in stream: error recording waiting for CUDA event on stream 0x562db5e5d500; not marking stream as bad, as the Event object may be at fault. Monitor for further errors.
2025-06-17 22:22:20.332038: W external/xla/xla/service/gpu/runtime/support.cc:58] Intercepted XLA runtime error:
INTERNAL: CaptureGpuGraph failed (<no details>): INTERNAL: Failed to begin stream capture: CUDA_ERROR_ILLEGAL_INSTRUCTION: an illegal instruction was encountered
2025-06-17 22:22:20.332068: E external/xla/xla/pjrt/pjrt_stream_executor_client.cc:2732] Execution of replica 0 failed: INTERNAL: Failed to execute XLA Runtime executable: run time error: custom call 'xla.gpu.graph.launch' failed: CaptureGpuGraph failed (<no details>): INTERNAL: Failed to begin stream capture: CUDA_ERROR_ILLEGAL_INSTRUCTION: an illegal instruction was encountered; current tracing scope: cuda_graph/xla.gpu.graph.capture; current profiling annotation: XlaModule:#prefix=jit(train_step)/jit(main),hlo_module=jit_train_step,program_id=178#.
Traceback (most recent call last):
  File "/n/netscratch/pehlevan_lab/Lab/ml/ICL-structured-data/NONLINEAR/experiment/remote/kappasweep_neurips/kappasweep.py", line 43, in <module>
    state, hist = train(config, data_iter=iter(trainobject), test_1_iter=iter(testobject_1), test_2_iter=iter(testobject_2), batch_size=16, loss='mse', test_every=100, train_iters=1000, optim=optax.adamw,lr=1e-4)
                  ^^^^^^^^^^^^^^^^^^^^^^^^^^^^^^^^^^^^^^^^^^^^^^^^^^^^^^^^^^^^^^^^^^^^^^^^^^^^^^^^^^^^^^^^^^^^^^^^^^^^^^^^^^^^^^^^^^^^^^^^^^^^^^^^^^^^^^^^^^^^^^^^^^^^^^^^^^^^^^^^^^^^^^^^^^^^^^^^^^^^^^^^^^^^^^^^^^
  File "/n/netscratch/pehlevan_lab/Lab/ml/ICL-structured-data/NONLINEAR/experiment/remote/kappasweep_neurips/../../../trainmini.py", line 186, in train
    state = train_step(state, minibatchi, loss=loss, l1_weight=l1_weight, l2_weight=l2_weight)
            ^^^^^^^^^^^^^^^^^^^^^^^^^^^^^^^^^^^^^^^^^^^^^^^^^^^^^^^^^^^^^^^^^^^^^^^^^^^^^^^^^^
ValueError: INTERNAL: Failed to execute XLA Runtime executable: run time error: custom call 'xla.gpu.graph.launch' failed: CaptureGpuGraph failed (<no details>): INTERNAL: Failed to begin stream capture: CUDA_ERROR_ILLEGAL_INSTRUCTION: an illegal instruction was encountered; current tracing scope: cuda_graph/xla.gpu.graph.capture; current profiling annotation: XlaModule:#prefix=jit(train_step)/jit(main),hlo_module=jit_train_step,program_id=178#.
2025-06-17 22:22:20.475915: E external/xla/xla/stream_executor/cuda/cuda_driver.cc:1486] failed to unload module 0x562db6a9e2e0; leaking: CUDA_ERROR_ILLEGAL_INSTRUCTION: an illegal instruction was encountered
2025-06-17 22:22:20.476930: E external/xla/xla/stream_executor/cuda/cuda_driver.cc:1486] failed to unload module 0x562db6ab8e50; leaking: CUDA_ERROR_ILLEGAL_INSTRUCTION: an illegal instruction was encountered
2025-06-17 22:22:20.478798: E external/xla/xla/stream_executor/cuda/cuda_driver.cc:1486] failed to unload module 0x562db9d2a300; leaking: CUDA_ERROR_ILLEGAL_INSTRUCTION: an illegal instruction was encountered
2025-06-17 22:22:20.479668: E external/xla/xla/stream_executor/cuda/cuda_driver.cc:1486] failed to unload module 0x562db9b23690; leaking: CUDA_ERROR_ILLEGAL_INSTRUCTION: an illegal instruction was encountered
2025-06-17 22:22:20.480965: E external/xla/xla/stream_executor/cuda/cuda_driver.cc:1486] failed to unload module 0x562dba0bac30; leaking: CUDA_ERROR_ILLEGAL_INSTRUCTION: an illegal instruction was encountered
2025-06-17 22:22:20.481752: E external/xla/xla/stream_executor/cuda/cuda_driver.cc:1486] failed to unload module 0x562db9bd44c0; leaking: CUDA_ERROR_ILLEGAL_INSTRUCTION: an illegal instruction was encountered
2025-06-17 22:22:20.482605: E external/xla/xla/stream_executor/cuda/cuda_driver.cc:1486] failed to unload module 0x562dba4b2200; leaking: CUDA_ERROR_ILLEGAL_INSTRUCTION: an illegal instruction was encountered
2025-06-17 22:22:20.483484: E external/xla/xla/stream_executor/cuda/cuda_driver.cc:1486] failed to unload module 0x562dba00aa90; leaking: CUDA_ERROR_ILLEGAL_INSTRUCTION: an illegal instruction was encountered
2025-06-17 22:22:20.484900: E external/xla/xla/stream_executor/cuda/cuda_driver.cc:1486] failed to unload module 0x562db958da30; leaking: CUDA_ERROR_ILLEGAL_INSTRUCTION: an illegal instruction was encountered
2025-06-17 22:22:20.485479: E external/xla/xla/stream_executor/cuda/cuda_driver.cc:1486] failed to unload module 0x562db95bc870; leaking: CUDA_ERROR_ILLEGAL_INSTRUCTION: an illegal instruction was encountered
2025-06-17 22:22:20.486011: E external/xla/xla/stream_executor/cuda/cuda_driver.cc:1486] failed to unload module 0x562db9798ea0; leaking: CUDA_ERROR_ILLEGAL_INSTRUCTION: an illegal instruction was encountered
2025-06-17 22:22:20.486617: E external/xla/xla/stream_executor/cuda/cuda_driver.cc:1486] failed to unload module 0x562db97a6430; leaking: CUDA_ERROR_ILLEGAL_INSTRUCTION: an illegal instruction was encountered
2025-06-17 22:22:20.487201: E external/xla/xla/stream_executor/cuda/cuda_driver.cc:1486] failed to unload module 0x562db99c54e0; leaking: CUDA_ERROR_ILLEGAL_INSTRUCTION: an illegal instruction was encountered
2025-06-17 22:22:20.487700: E external/xla/xla/stream_executor/cuda/cuda_driver.cc:1486] failed to unload module 0x562db7025920; leaking: CUDA_ERROR_ILLEGAL_INSTRUCTION: an illegal instruction was encountered
2025-06-17 22:22:20.488509: E external/xla/xla/stream_executor/cuda/cuda_driver.cc:1486] failed to unload module 0x562dba5a13d0; leaking: CUDA_ERROR_ILLEGAL_INSTRUCTION: an illegal instruction was encountered
2025-06-17 22:22:20.488822: E external/xla/xla/stream_executor/cuda/cuda_driver.cc:1486] failed to unload module 0x562dba397680; leaking: CUDA_ERROR_ILLEGAL_INSTRUCTION: an illegal instruction was encountered
2025-06-17 22:22:20.489535: E external/xla/xla/stream_executor/cuda/cuda_driver.cc:1486] failed to unload module 0x562db9707100; leaking: CUDA_ERROR_ILLEGAL_INSTRUCTION: an illegal instruction was encountered
2025-06-17 22:22:20.489828: E external/xla/xla/stream_executor/cuda/cuda_driver.cc:1486] failed to unload module 0x562dba6d9200; leaking: CUDA_ERROR_ILLEGAL_INSTRUCTION: an illegal instruction was encountered
2025-06-17 22:22:20.490474: E external/xla/xla/stream_executor/cuda/cuda_driver.cc:1486] failed to unload module 0x562dba9b2500; leaking: CUDA_ERROR_ILLEGAL_INSTRUCTION: an illegal instruction was encountered
2025-06-17 22:22:20.491094: E external/xla/xla/stream_executor/cuda/cuda_driver.cc:1486] failed to unload module 0x562db92fa520; leaking: CUDA_ERROR_ILLEGAL_INSTRUCTION: an illegal instruction was encountered
2025-06-17 22:22:20.491550: E external/xla/xla/stream_executor/cuda/cuda_driver.cc:1486] failed to unload module 0x562db6a89ef0; leaking: CUDA_ERROR_ILLEGAL_INSTRUCTION: an illegal instruction was encountered
2025-06-17 22:22:20.492669: E external/xla/xla/stream_executor/cuda/cuda_driver.cc:1486] failed to unload module 0x562dbaef4810; leaking: CUDA_ERROR_ILLEGAL_INSTRUCTION: an illegal instruction was encountered
2025-06-17 22:22:20.493068: E external/xla/xla/stream_executor/cuda/cuda_driver.cc:1486] failed to unload module 0x562db93f6980; leaking: CUDA_ERROR_ILLEGAL_INSTRUCTION: an illegal instruction was encountered
2025-06-17 22:22:20.493539: E external/xla/xla/stream_executor/cuda/cuda_driver.cc:1486] failed to unload module 0x562dbae9a4e0; leaking: CUDA_ERROR_ILLEGAL_INSTRUCTION: an illegal instruction was encountered
2025-06-17 22:22:20.494169: E external/xla/xla/stream_executor/cuda/cuda_driver.cc:1486] failed to unload module 0x562dbb00eb60; leaking: CUDA_ERROR_ILLEGAL_INSTRUCTION: an illegal instruction was encountered
2025-06-17 22:22:20.494871: E external/xla/xla/stream_executor/cuda/cuda_driver.cc:1486] failed to unload module 0x562dbb227870; leaking: CUDA_ERROR_ILLEGAL_INSTRUCTION: an illegal instruction was encountered
2025-06-17 22:22:20.495445: E external/xla/xla/stream_executor/cuda/cuda_driver.cc:1486] failed to unload module 0x562dbb31c870; leaking: CUDA_ERROR_ILLEGAL_INSTRUCTION: an illegal instruction was encountered
2025-06-17 22:22:20.495997: E external/xla/xla/stream_executor/cuda/cuda_driver.cc:1486] failed to unload module 0x562dbb2a7be0; leaking: CUDA_ERROR_ILLEGAL_INSTRUCTION: an illegal instruction was encountered
2025-06-17 22:22:20.496604: E external/xla/xla/stream_executor/cuda/cuda_driver.cc:1486] failed to unload module 0x562dbacfd240; leaking: CUDA_ERROR_ILLEGAL_INSTRUCTION: an illegal instruction was encountered
2025-06-17 22:22:20.497183: E external/xla/xla/stream_executor/cuda/cuda_driver.cc:1486] failed to unload module 0x562dbb55e0d0; leaking: CUDA_ERROR_ILLEGAL_INSTRUCTION: an illegal instruction was encountered
2025-06-17 22:22:20.497878: E external/xla/xla/stream_executor/cuda/cuda_driver.cc:1486] failed to unload module 0x562db6ef9ea0; leaking: CUDA_ERROR_ILLEGAL_INSTRUCTION: an illegal instruction was encountered
2025-06-17 22:22:20.498790: E external/xla/xla/stream_executor/cuda/cuda_driver.cc:1486] failed to unload module 0x562db71cf350; leaking: CUDA_ERROR_ILLEGAL_INSTRUCTION: an illegal instruction was encountered
2025-06-17 22:22:20.499119: E external/xla/xla/stream_executor/cuda/cuda_driver.cc:1486] failed to unload module 0x562db6c51bf0; leaking: CUDA_ERROR_ILLEGAL_INSTRUCTION: an illegal instruction was encountered
2025-06-17 22:22:20.499308: E external/xla/xla/stream_executor/cuda/cuda_driver.cc:1486] failed to unload module 0x562db9a5f6c0; leaking: CUDA_ERROR_ILLEGAL_INSTRUCTION: an illegal instruction was encountered
2025-06-17 22:22:20.499713: E external/xla/xla/stream_executor/cuda/cuda_driver.cc:1486] failed to unload module 0x562dbb4a5190; leaking: CUDA_ERROR_ILLEGAL_INSTRUCTION: an illegal instruction was encountered
2025-06-17 22:22:20.500206: E external/xla/xla/stream_executor/cuda/cuda_driver.cc:1486] failed to unload module 0x562db698db60; leaking: CUDA_ERROR_ILLEGAL_INSTRUCTION: an illegal instruction was encountered
2025-06-17 22:22:20.556369: E external/xla/xla/stream_executor/cuda/cuda_driver.cc:1486] failed to unload module 0x562dbad1c980; leaking: CUDA_ERROR_ILLEGAL_INSTRUCTION: an illegal instruction was encountered
2025-06-17 22:22:20.557045: E external/xla/xla/stream_executor/cuda/cuda_driver.cc:1486] failed to unload module 0x562db6abf030; leaking: CUDA_ERROR_ILLEGAL_INSTRUCTION: an illegal instruction was encountered
2025-06-17 22:22:20.560304: E external/xla/xla/stream_executor/cuda/cuda_driver.cc:1486] failed to unload module 0x562dba6191d0; leaking: CUDA_ERROR_ILLEGAL_INSTRUCTION: an illegal instruction was encountered
2025-06-17 22:22:20.560526: E external/xla/xla/stream_executor/cuda/cuda_driver.cc:1486] failed to unload module 0x562db6c3b060; leaking: CUDA_ERROR_ILLEGAL_INSTRUCTION: an illegal instruction was encountered
2025-06-17 22:22:20.560715: E external/xla/xla/stream_executor/cuda/cuda_driver.cc:1486] failed to unload module 0x562db9b814e0; leaking: CUDA_ERROR_ILLEGAL_INSTRUCTION: an illegal instruction was encountered
